Using pre-set license
Built from '2021.1/release' branch; Version is '2021.1.1f1 (6fdc41dfa55a) revision 7330881'; Using compiler version '192528614'; Build Type 'Release'
OS: 'Windows 10 Education; OS build 19041.867; Version 2004; 64bit' Language: 'en' Physical Memory: 16294 MB
BatchMode: 1, IsHumanControllingUs: 0, StartBugReporterOnCrash: 0, Is64bit: 1, IsPro: 0

 COMMAND LINE ARGUMENTS:
C:\Program Files\Unity\Hub\Editor\2021.1.1f1\Editor\Unity.exe
-adb2
-batchMode
-noUpm
-name
AssetImportWorker0
-projectPath
I:/Gaskins Griffin Y2/Repos/SpacePlatformer/New Unity Project
-logFile
Logs/AssetImportWorker0.log
-srvPort
60176
Successfully changed project path to: I:/Gaskins Griffin Y2/Repos/SpacePlatformer/New Unity Project
I:/Gaskins Griffin Y2/Repos/SpacePlatformer/New Unity Project
Using Asset Import Pipeline V2.
Refreshing native plugins compatible for Editor in 132.01 ms, found 2 plugins.
Preloading 0 native plugins for Editor in 0.00 ms.
Initialize engine version: 2021.1.1f1 (6fdc41dfa55a)
[Subsystems] Discovering subsystems at path C:/Program Files/Unity/Hub/Editor/2021.1.1f1/Editor/Data/Resources/UnitySubsystems
[Subsystems] Discovering subsystems at path I:/Gaskins Griffin Y2/Repos/SpacePlatformer/New Unity Project/Assets
GfxDevice: creating device client; threaded=0; jobified=0
Direct3D:
    Version:  Direct3D 11.0 [level 11.1]
    Renderer: NVIDIA GeForce GTX 1050 Ti (ID=0x1c82)
    Vendor:   NVIDIA
    VRAM:     4018 MB
    Driver:   27.21.14.6172
Initialize mono
Mono path[0] = 'C:/Program Files/Unity/Hub/Editor/2021.1.1f1/Editor/Data/Managed'
Mono path[1] = 'C:/Program Files/Unity/Hub/Editor/2021.1.1f1/Editor/Data/MonoBleedingEdge/lib/mono/unityjit'
Mono config path = 'C:/Program Files/Unity/Hub/Editor/2021.1.1f1/Editor/Data/MonoBleedingEdge/etc'
Using monoOptions --debugger-agent=transport=dt_socket,embedding=1,server=y,suspend=n,address=127.0.0.1:56808
Begin MonoManager ReloadAssembly
Registering precompiled unity dll's ...
Register platform support module: C:/Program Files/Unity/Hub/Editor/2021.1.1f1/Editor/Data/PlaybackEngines/WindowsStandaloneSupport/UnityEditor.WindowsStandalone.Extensions.dll
Registered in 0.001881 seconds.
Native extension for WindowsStandalone target not found
Refreshing native plugins compatible for Editor in 88.19 ms, found 2 plugins.
Preloading 0 native plugins for Editor in 0.00 ms.
Mono: successfully reloaded assembly
- Completed reload, in  1.195 seconds
Platform modules already initialized, skipping
Registering precompiled user dll's ...
Registered in 0.047726 seconds.
Begin MonoManager ReloadAssembly
Native extension for WindowsStandalone target not found
Refreshing native plugins compatible for Editor in 89.36 ms, found 2 plugins.
Preloading 0 native plugins for Editor in 0.00 ms.
Mono: successfully reloaded assembly
- Completed reload, in  1.513 seconds
Platform modules already initialized, skipping
========================================================================
Worker process is ready to serve import requests
Launched and connected shader compiler UnityShaderCompiler.exe after 0.04 seconds
Refreshing native plugins compatible for Editor in 0.69 ms, found 2 plugins.
Preloading 0 native plugins for Editor in 0.00 ms.
Unloading 3527 Unused Serialized files (Serialized files now loaded: 0)
System memory in use before: 133.1 MB.
System memory in use after: 133.2 MB.

Unloading 30 unused Assets to reduce memory usage. Loaded Objects now: 3979.
Total: 2.309100 ms (FindLiveObjects: 0.267600 ms CreateObjectMapping: 0.187900 ms MarkObjects: 1.748200 ms  DeleteObjects: 0.104600 ms)

========================================================================
Received Import Request.
  path: Assets/Art/PlayerAnims/Die/Die_12.png
  artifactKey: Guid(eb3151aeebf8b7046a81b19452a7ef28) Importer(815301076,1909f56bfc062723c751e8b465ee728b)
Start importing Assets/Art/PlayerAnims/Die/Die_12.png using Guid(eb3151aeebf8b7046a81b19452a7ef28) Importer(815301076,1909f56bfc062723c751e8b465ee728b)  -> (artifact id: '7e613ff3fa12f8ac524d522b822d4787') in 0.152248 seconds 
========================================================================
Received Import Request.
  Time since last request: 0.000336 seconds.
  path: Assets/Art/PlayerAnims/Die/Die_17.png
  artifactKey: Guid(8182aee54d5c6664b9c2146658ddc4a3) Importer(815301076,1909f56bfc062723c751e8b465ee728b)
Start importing Assets/Art/PlayerAnims/Die/Die_17.png using Guid(8182aee54d5c6664b9c2146658ddc4a3) Importer(815301076,1909f56bfc062723c751e8b465ee728b)  -> (artifact id: '58814e760f38715f9a952129188df021') in 0.060682 seconds 
========================================================================
Received Import Request.
  Time since last request: 0.000263 seconds.
  path: Assets/Art/PlayerAnims/Die/Die_05.png
  artifactKey: Guid(4ea8955d5d0f4d247ab92365a7ece532) Importer(815301076,1909f56bfc062723c751e8b465ee728b)
Start importing Assets/Art/PlayerAnims/Die/Die_05.png using Guid(4ea8955d5d0f4d247ab92365a7ece532) Importer(815301076,1909f56bfc062723c751e8b465ee728b)  -> (artifact id: '38654852433d616003d991152b0d7225') in 0.062555 seconds 
========================================================================
Received Import Request.
  Time since last request: 0.000222 seconds.
  path: Assets/Art/PlayerAnims/Die/Die_14.png
  artifactKey: Guid(007a8f50ad7a3fb4aa90c69487b8e17a) Importer(815301076,1909f56bfc062723c751e8b465ee728b)
Start importing Assets/Art/PlayerAnims/Die/Die_14.png using Guid(007a8f50ad7a3fb4aa90c69487b8e17a) Importer(815301076,1909f56bfc062723c751e8b465ee728b)  -> (artifact id: '09a1e5a0b71623ee12e0da14a4653ad9') in 0.062570 seconds 
========================================================================
Received Import Request.
  Time since last request: 0.000469 seconds.
  path: Assets/Art/PlayerAnims/Die/Die_08.png
  artifactKey: Guid(231fa1edbafba9a498d0af41d8056f9f) Importer(815301076,1909f56bfc062723c751e8b465ee728b)
Start importing Assets/Art/PlayerAnims/Die/Die_08.png using Guid(231fa1edbafba9a498d0af41d8056f9f) Importer(815301076,1909f56bfc062723c751e8b465ee728b)  -> (artifact id: 'f76bbf0289350be7a16d16e7a7943879') in 0.064678 seconds 
========================================================================
Received Import Request.
  Time since last request: 0.000477 seconds.
  path: Assets/Art/PlayerAnims/Die/Die_15.png
  artifactKey: Guid(6892951ece1442c4fb9d3b365bd153ad) Importer(815301076,1909f56bfc062723c751e8b465ee728b)
Start importing Assets/Art/PlayerAnims/Die/Die_15.png using Guid(6892951ece1442c4fb9d3b365bd153ad) Importer(815301076,1909f56bfc062723c751e8b465ee728b)  -> (artifact id: '29666b5251b317cb4ebba2528046a12d') in 0.077988 seconds 
========================================================================
Received Import Request.
  Time since last request: 0.000367 seconds.
  path: Assets/Art/PlayerAnims/Die/Die_02.png
  artifactKey: Guid(55e7dc9aad1e811479326828a7062d5a) Importer(815301076,1909f56bfc062723c751e8b465ee728b)
Start importing Assets/Art/PlayerAnims/Die/Die_02.png using Guid(55e7dc9aad1e811479326828a7062d5a) Importer(815301076,1909f56bfc062723c751e8b465ee728b)  -> (artifact id: '8bb7e3b342427bc50f0fef78dfca2604') in 0.071041 seconds 
========================================================================
Received Import Request.
  Time since last request: 0.000239 seconds.
  path: Assets/Art/PlayerAnims/Die/Die_03.png
  artifactKey: Guid(377fab6ba257ac246a618c46397685a0) Importer(815301076,1909f56bfc062723c751e8b465ee728b)
Start importing Assets/Art/PlayerAnims/Die/Die_03.png using Guid(377fab6ba257ac246a618c46397685a0) Importer(815301076,1909f56bfc062723c751e8b465ee728b)  -> (artifact id: '800fe466d66552ebace0fdbf723c7ae8') in 0.066119 seconds 
========================================================================
Received Import Request.
  Time since last request: 0.000442 seconds.
  path: Assets/Art/PlayerAnims/Die/Die_06.png
  artifactKey: Guid(39deb65e19843be40a8ba5318fc54592) Importer(815301076,1909f56bfc062723c751e8b465ee728b)
Start importing Assets/Art/PlayerAnims/Die/Die_06.png using Guid(39deb65e19843be40a8ba5318fc54592) Importer(815301076,1909f56bfc062723c751e8b465ee728b)  -> (artifact id: '450b23ff931a6ea4beda9e336ed38879') in 0.064382 seconds 
========================================================================
Received Import Request.
  Time since last request: 0.000434 seconds.
  path: Assets/Art/PlayerAnims/Die/Die_09.png
  artifactKey: Guid(bdcfd76b623491641a914410a27fe0d5) Importer(815301076,1909f56bfc062723c751e8b465ee728b)
Start importing Assets/Art/PlayerAnims/Die/Die_09.png using Guid(bdcfd76b623491641a914410a27fe0d5) Importer(815301076,1909f56bfc062723c751e8b465ee728b)  -> (artifact id: '2af42c75f328a0dae90e700acda3428c') in 0.070500 seconds 
========================================================================
Received Import Request.
  Time since last request: 0.000398 seconds.
  path: Assets/Art/PlayerAnims/Die/Die_11.png
  artifactKey: Guid(37670f98c0635794a8ce0f580ecb4fac) Importer(815301076,1909f56bfc062723c751e8b465ee728b)
Start importing Assets/Art/PlayerAnims/Die/Die_11.png using Guid(37670f98c0635794a8ce0f580ecb4fac) Importer(815301076,1909f56bfc062723c751e8b465ee728b)  -> (artifact id: '477c219a91c2aa04a927472e79eea651') in 0.073255 seconds 
========================================================================
Received Import Request.
  Time since last request: 0.000537 seconds.
  path: Assets/Art/PlayerAnims/Die/Die_04.png
  artifactKey: Guid(6cffc89f19315664f8c87946886739aa) Importer(815301076,1909f56bfc062723c751e8b465ee728b)
Start importing Assets/Art/PlayerAnims/Die/Die_04.png using Guid(6cffc89f19315664f8c87946886739aa) Importer(815301076,1909f56bfc062723c751e8b465ee728b)  -> (artifact id: 'e2265386efe9bffe8b5e55e291b59249') in 0.068456 seconds 
========================================================================
Received Import Request.
  Time since last request: 0.000377 seconds.
  path: Assets/Art/PlayerAnims/Die/Die_13.png
  artifactKey: Guid(ed640680ae5139643bc38f2ebc03550c) Importer(815301076,1909f56bfc062723c751e8b465ee728b)
Start importing Assets/Art/PlayerAnims/Die/Die_13.png using Guid(ed640680ae5139643bc38f2ebc03550c) Importer(815301076,1909f56bfc062723c751e8b465ee728b)  -> (artifact id: '56d14bab6e35afc7d2ffdac21e7aec50') in 0.067157 seconds 
========================================================================
Received Import Request.
  Time since last request: 0.000390 seconds.
  path: Assets/Art/PlayerAnims/Die/Die_07.png
  artifactKey: Guid(8d6b5d3f68e82cc42ae6c281d1ee1c64) Importer(815301076,1909f56bfc062723c751e8b465ee728b)
Start importing Assets/Art/PlayerAnims/Die/Die_07.png using Guid(8d6b5d3f68e82cc42ae6c281d1ee1c64) Importer(815301076,1909f56bfc062723c751e8b465ee728b)  -> (artifact id: '057f0ca3fb7dc359670fa94802aed4c9') in 0.067808 seconds 
========================================================================
Received Import Request.
  Time since last request: 0.000447 seconds.
  path: Assets/Art/PlayerAnims/Die/Die_10.png
  artifactKey: Guid(925de365a5883fa4f85cef47be1b60d7) Importer(815301076,1909f56bfc062723c751e8b465ee728b)
Start importing Assets/Art/PlayerAnims/Die/Die_10.png using Guid(925de365a5883fa4f85cef47be1b60d7) Importer(815301076,1909f56bfc062723c751e8b465ee728b)  -> (artifact id: '05d9cad7fe77156af557f9121f39e2ea') in 0.066802 seconds 
========================================================================
Received Import Request.
  Time since last request: 0.000328 seconds.
  path: Assets/Art/PlayerAnims/Die/Die_16.png
  artifactKey: Guid(b3d434b7af9f039499aca5a578511a4f) Importer(815301076,1909f56bfc062723c751e8b465ee728b)
Start importing Assets/Art/PlayerAnims/Die/Die_16.png using Guid(b3d434b7af9f039499aca5a578511a4f) Importer(815301076,1909f56bfc062723c751e8b465ee728b)  -> (artifact id: '5c4bc121f97a7aaed681f411df9eac3f') in 0.065791 seconds 
========================================================================
Received Import Request.
  Time since last request: 74.471374 seconds.
  path: Assets/Art/PlayerAnims/Crawl/crawl_0.png
  artifactKey: Guid(fe27efb3df6e35f45a4733465dbb5e91) Importer(815301076,1909f56bfc062723c751e8b465ee728b)
Start importing Assets/Art/PlayerAnims/Crawl/crawl_0.png using Guid(fe27efb3df6e35f45a4733465dbb5e91) Importer(815301076,1909f56bfc062723c751e8b465ee728b)  -> (artifact id: 'ad77cc6ed1ad10a9209c416ba0a28790') in 0.148926 seconds 
========================================================================
Received Import Request.
  Time since last request: 0.000338 seconds.
  path: Assets/Art/PlayerAnims/Crawl/crawl_7.png
  artifactKey: Guid(942c6614c047f8a4aae957782232f3ea) Importer(815301076,1909f56bfc062723c751e8b465ee728b)
Start importing Assets/Art/PlayerAnims/Crawl/crawl_7.png using Guid(942c6614c047f8a4aae957782232f3ea) Importer(815301076,1909f56bfc062723c751e8b465ee728b)  -> (artifact id: 'e26ab7603e1b68c0a70e1076f6e88d17') in 0.083538 seconds 
========================================================================
Received Import Request.
  Time since last request: 0.000452 seconds.
  path: Assets/Art/PlayerAnims/Crawl/crawl_4.png
  artifactKey: Guid(4545661586f5b184b84ba23ea8b5e8f3) Importer(815301076,1909f56bfc062723c751e8b465ee728b)
Start importing Assets/Art/PlayerAnims/Crawl/crawl_4.png using Guid(4545661586f5b184b84ba23ea8b5e8f3) Importer(815301076,1909f56bfc062723c751e8b465ee728b)  -> (artifact id: '4bbf27d9055cd166d178072162d44f0c') in 0.095556 seconds 
========================================================================
Received Import Request.
  Time since last request: 0.000518 seconds.
  path: Assets/Art/PlayerAnims/Crawl/crawl_2.png
  artifactKey: Guid(9e7dbee0d7d94e94facb0b0d3d6a68f0) Importer(815301076,1909f56bfc062723c751e8b465ee728b)
Start importing Assets/Art/PlayerAnims/Crawl/crawl_2.png using Guid(9e7dbee0d7d94e94facb0b0d3d6a68f0) Importer(815301076,1909f56bfc062723c751e8b465ee728b)  -> (artifact id: 'f1b945e108cdb0b6903ee4a505f52f7b') in 0.072861 seconds 
========================================================================
Received Import Request.
  Time since last request: 0.000384 seconds.
  path: Assets/Art/PlayerAnims/Crawl/crawl_5.png
  artifactKey: Guid(1300e31a8c23ffc448366870cacddef6) Importer(815301076,1909f56bfc062723c751e8b465ee728b)
Start importing Assets/Art/PlayerAnims/Crawl/crawl_5.png using Guid(1300e31a8c23ffc448366870cacddef6) Importer(815301076,1909f56bfc062723c751e8b465ee728b)  -> (artifact id: '77ce41f12c3670c7e5216dd1967748f6') in 0.071104 seconds 
========================================================================
Received Import Request.
  Time since last request: 0.000227 seconds.
  path: Assets/Art/PlayerAnims/Crawl/crawl_3.png
  artifactKey: Guid(25dcfce6703a0f449860b5c91a4bcf11) Importer(815301076,1909f56bfc062723c751e8b465ee728b)
Start importing Assets/Art/PlayerAnims/Crawl/crawl_3.png using Guid(25dcfce6703a0f449860b5c91a4bcf11) Importer(815301076,1909f56bfc062723c751e8b465ee728b)  -> (artifact id: 'e9a5e74c689547d39d15028b545b9cd9') in 0.070932 seconds 
========================================================================
Received Import Request.
  Time since last request: 0.000253 seconds.
  path: Assets/Art/PlayerAnims/Crawl/crawl_1.png
  artifactKey: Guid(196308798035c5543bcd76b67d3b7d6a) Importer(815301076,1909f56bfc062723c751e8b465ee728b)
Start importing Assets/Art/PlayerAnims/Crawl/crawl_1.png using Guid(196308798035c5543bcd76b67d3b7d6a) Importer(815301076,1909f56bfc062723c751e8b465ee728b)  -> (artifact id: '5fd7c0a6e49ed44d7443c39f4a497ca6') in 0.074356 seconds 
========================================================================
Received Import Request.
  Time since last request: 0.000347 seconds.
  path: Assets/Art/PlayerAnims/Crawl/crawl_6.png
  artifactKey: Guid(ff23b14813177544484171bd8c565814) Importer(815301076,1909f56bfc062723c751e8b465ee728b)
Start importing Assets/Art/PlayerAnims/Crawl/crawl_6.png using Guid(ff23b14813177544484171bd8c565814) Importer(815301076,1909f56bfc062723c751e8b465ee728b)  -> (artifact id: '9f397c44973335ac8cc50083220ba86f') in 0.073641 seconds 
========================================================================
Received Import Request.
  Time since last request: 2.103074 seconds.
  path: Assets/Art/PlayerAnims/Die/Die_00.png
  artifactKey: Guid(5bb69bdd758f55347b5c362c06540781) Importer(815301076,1909f56bfc062723c751e8b465ee728b)
Start importing Assets/Art/PlayerAnims/Die/Die_00.png using Guid(5bb69bdd758f55347b5c362c06540781) Importer(815301076,1909f56bfc062723c751e8b465ee728b)  -> (artifact id: 'e7524419e2d52e307ccc63a6896361eb') in 0.070626 seconds 
========================================================================
Received Import Request.
  Time since last request: 0.000397 seconds.
  path: Assets/Art/PlayerAnims/Die/Die_01.png
  artifactKey: Guid(a01a0521afa90d448be716c96b3f6c38) Importer(815301076,1909f56bfc062723c751e8b465ee728b)
Start importing Assets/Art/PlayerAnims/Die/Die_01.png using Guid(a01a0521afa90d448be716c96b3f6c38) Importer(815301076,1909f56bfc062723c751e8b465ee728b)  -> (artifact id: '1592f8321143390d3bfd4e32f853e653') in 0.070220 seconds 
========================================================================
Received Import Request.
  Time since last request: 9.969034 seconds.
  path: Assets/Art/PlayerAnims/Die/Die_05.png
  artifactKey: Guid(4ea8955d5d0f4d247ab92365a7ece532) Importer(815301076,1909f56bfc062723c751e8b465ee728b)
Start importing Assets/Art/PlayerAnims/Die/Die_05.png using Guid(4ea8955d5d0f4d247ab92365a7ece532) Importer(815301076,1909f56bfc062723c751e8b465ee728b)  -> (artifact id: '1405cf3359ea1898f5fded8baff8bb04') in 0.081517 seconds 
========================================================================
Received Import Request.
  Time since last request: 0.000398 seconds.
  path: Assets/Art/PlayerAnims/Die/Die_12.png
  artifactKey: Guid(eb3151aeebf8b7046a81b19452a7ef28) Importer(815301076,1909f56bfc062723c751e8b465ee728b)
Start importing Assets/Art/PlayerAnims/Die/Die_12.png using Guid(eb3151aeebf8b7046a81b19452a7ef28) Importer(815301076,1909f56bfc062723c751e8b465ee728b)  -> (artifact id: '96d2f825e17ad21f3390b06e8c300d9d') in 0.089956 seconds 
========================================================================
Received Import Request.
  Time since last request: 0.000407 seconds.
  path: Assets/Art/PlayerAnims/Die/Die_02.png
  artifactKey: Guid(55e7dc9aad1e811479326828a7062d5a) Importer(815301076,1909f56bfc062723c751e8b465ee728b)
Start importing Assets/Art/PlayerAnims/Die/Die_02.png using Guid(55e7dc9aad1e811479326828a7062d5a) Importer(815301076,1909f56bfc062723c751e8b465ee728b)  -> (artifact id: 'aa79e1e2797f94edcfa1a81ec294dbdc') in 0.067726 seconds 
========================================================================
Received Import Request.
  Time since last request: 0.000345 seconds.
  path: Assets/Art/PlayerAnims/Die/Die_03.png
  artifactKey: Guid(377fab6ba257ac246a618c46397685a0) Importer(815301076,1909f56bfc062723c751e8b465ee728b)
Start importing Assets/Art/PlayerAnims/Die/Die_03.png using Guid(377fab6ba257ac246a618c46397685a0) Importer(815301076,1909f56bfc062723c751e8b465ee728b)  -> (artifact id: 'dfb62023ad75f2d5dbf1e92aeedd354e') in 0.066496 seconds 
========================================================================
Received Import Request.
  Time since last request: 0.000410 seconds.
  path: Assets/Art/PlayerAnims/Die/Die_06.png
  artifactKey: Guid(39deb65e19843be40a8ba5318fc54592) Importer(815301076,1909f56bfc062723c751e8b465ee728b)
Start importing Assets/Art/PlayerAnims/Die/Die_06.png using Guid(39deb65e19843be40a8ba5318fc54592) Importer(815301076,1909f56bfc062723c751e8b465ee728b)  -> (artifact id: '1cd95793282bb99160c67056b6d27805') in 0.090349 seconds 
========================================================================
Received Import Request.
  Time since last request: 0.000403 seconds.
  path: Assets/Art/PlayerAnims/Die/Die_08.png
  artifactKey: Guid(231fa1edbafba9a498d0af41d8056f9f) Importer(815301076,1909f56bfc062723c751e8b465ee728b)
Start importing Assets/Art/PlayerAnims/Die/Die_08.png using Guid(231fa1edbafba9a498d0af41d8056f9f) Importer(815301076,1909f56bfc062723c751e8b465ee728b)  -> (artifact id: 'b018870dbf52d57ad587a96ea4de9dae') in 0.083258 seconds 
========================================================================
Received Import Request.
  Time since last request: 0.000327 seconds.
  path: Assets/Art/PlayerAnims/Die/Die_09.png
  artifactKey: Guid(bdcfd76b623491641a914410a27fe0d5) Importer(815301076,1909f56bfc062723c751e8b465ee728b)
Start importing Assets/Art/PlayerAnims/Die/Die_09.png using Guid(bdcfd76b623491641a914410a27fe0d5) Importer(815301076,1909f56bfc062723c751e8b465ee728b)  -> (artifact id: 'ba870922647b8d02f00bb87bc75a4aab') in 0.083073 seconds 
========================================================================
Received Import Request.
  Time since last request: 0.000241 seconds.
  path: Assets/Art/PlayerAnims/Die/Die_11.png
  artifactKey: Guid(37670f98c0635794a8ce0f580ecb4fac) Importer(815301076,1909f56bfc062723c751e8b465ee728b)
Start importing Assets/Art/PlayerAnims/Die/Die_11.png using Guid(37670f98c0635794a8ce0f580ecb4fac) Importer(815301076,1909f56bfc062723c751e8b465ee728b)  -> (artifact id: 'efa8c5cea5613a634dfdff303691d30e') in 0.093100 seconds 
========================================================================
Received Import Request.
  Time since last request: 0.000313 seconds.
  path: Assets/Art/PlayerAnims/Die/Die_00.png
  artifactKey: Guid(5bb69bdd758f55347b5c362c06540781) Importer(815301076,1909f56bfc062723c751e8b465ee728b)
Start importing Assets/Art/PlayerAnims/Die/Die_00.png using Guid(5bb69bdd758f55347b5c362c06540781) Importer(815301076,1909f56bfc062723c751e8b465ee728b)  -> (artifact id: 'd4181c55fb8d4ddd38e73953db3ff2f1') in 0.066434 seconds 
========================================================================
Received Import Request.
  Time since last request: 0.000426 seconds.
  path: Assets/Art/PlayerAnims/Die/Die_01.png
  artifactKey: Guid(a01a0521afa90d448be716c96b3f6c38) Importer(815301076,1909f56bfc062723c751e8b465ee728b)
Start importing Assets/Art/PlayerAnims/Die/Die_01.png using Guid(a01a0521afa90d448be716c96b3f6c38) Importer(815301076,1909f56bfc062723c751e8b465ee728b)  -> (artifact id: 'e36684ab3a03b6c46fe41752c32e5102') in 0.067542 seconds 
========================================================================
Received Import Request.
  Time since last request: 0.000356 seconds.
  path: Assets/Art/PlayerAnims/Die/Die_04.png
  artifactKey: Guid(6cffc89f19315664f8c87946886739aa) Importer(815301076,1909f56bfc062723c751e8b465ee728b)
Start importing Assets/Art/PlayerAnims/Die/Die_04.png using Guid(6cffc89f19315664f8c87946886739aa) Importer(815301076,1909f56bfc062723c751e8b465ee728b)  -> (artifact id: '4ec3aba369aef20c4b7664198014629c') in 0.073435 seconds 
========================================================================
Received Import Request.
  Time since last request: 0.000240 seconds.
  path: Assets/Art/PlayerAnims/Die/Die_07.png
  artifactKey: Guid(8d6b5d3f68e82cc42ae6c281d1ee1c64) Importer(815301076,1909f56bfc062723c751e8b465ee728b)
Start importing Assets/Art/PlayerAnims/Die/Die_07.png using Guid(8d6b5d3f68e82cc42ae6c281d1ee1c64) Importer(815301076,1909f56bfc062723c751e8b465ee728b)  -> (artifact id: '6208defb066bfdbdbab560189a82a8a2') in 0.063343 seconds 
========================================================================
Received Import Request.
  Time since last request: 0.000398 seconds.
  path: Assets/Art/PlayerAnims/Die/Die_10.png
  artifactKey: Guid(925de365a5883fa4f85cef47be1b60d7) Importer(815301076,1909f56bfc062723c751e8b465ee728b)
Start importing Assets/Art/PlayerAnims/Die/Die_10.png using Guid(925de365a5883fa4f85cef47be1b60d7) Importer(815301076,1909f56bfc062723c751e8b465ee728b)  -> (artifact id: '5c7e8eba9f9a133c05a88c3d87e9b2c8') in 0.064241 seconds 
========================================================================
Received Import Request.
  Time since last request: 12.059397 seconds.
  path: Assets/Art/PlayerAnims/Idle/idle_00.png
  artifactKey: Guid(bfe17e4193e6ffc44a624238f74bc99a) Importer(815301076,1909f56bfc062723c751e8b465ee728b)
Start importing Assets/Art/PlayerAnims/Idle/idle_00.png using Guid(bfe17e4193e6ffc44a624238f74bc99a) Importer(815301076,1909f56bfc062723c751e8b465ee728b)  -> (artifact id: '72bb868bfb718d5d146bc5f0155703b7') in 0.069445 seconds 
========================================================================
Received Import Request.
  Time since last request: 0.000428 seconds.
  path: Assets/Art/PlayerAnims/Idle/idle_05.png
  artifactKey: Guid(01046a70fd396f24abbb6802dae9d9f1) Importer(815301076,1909f56bfc062723c751e8b465ee728b)
Start importing Assets/Art/PlayerAnims/Idle/idle_05.png using Guid(01046a70fd396f24abbb6802dae9d9f1) Importer(815301076,1909f56bfc062723c751e8b465ee728b)  -> (artifact id: '1a74ebe63f80424f59ef1c5433242677') in 0.066856 seconds 
========================================================================
Received Import Request.
  Time since last request: 0.000274 seconds.
  path: Assets/Art/PlayerAnims/Idle/idle_03.png
  artifactKey: Guid(8d51b9d72852eaf4c8aface1becd498e) Importer(815301076,1909f56bfc062723c751e8b465ee728b)
Start importing Assets/Art/PlayerAnims/Idle/idle_03.png using Guid(8d51b9d72852eaf4c8aface1becd498e) Importer(815301076,1909f56bfc062723c751e8b465ee728b)  -> (artifact id: '2c3bba51787472028a6c3e64c0d7f39a') in 0.062639 seconds 
========================================================================
Received Import Request.
  Time since last request: 0.000407 seconds.
  path: Assets/Art/PlayerAnims/Idle/idle_08.png
  artifactKey: Guid(81dc13e80ee522e4f897a813320f12b9) Importer(815301076,1909f56bfc062723c751e8b465ee728b)
Start importing Assets/Art/PlayerAnims/Idle/idle_08.png using Guid(81dc13e80ee522e4f897a813320f12b9) Importer(815301076,1909f56bfc062723c751e8b465ee728b)  -> (artifact id: '83d77b22a63a6b7e045d02c5702f3b64') in 0.071985 seconds 
========================================================================
Received Import Request.
  Time since last request: 0.000432 seconds.
  path: Assets/Art/PlayerAnims/Idle/idle_02.png
  artifactKey: Guid(b5326e036956aa74092b6733f7fa089e) Importer(815301076,1909f56bfc062723c751e8b465ee728b)
Start importing Assets/Art/PlayerAnims/Idle/idle_02.png using Guid(b5326e036956aa74092b6733f7fa089e) Importer(815301076,1909f56bfc062723c751e8b465ee728b)  -> (artifact id: 'c889d6f1bbf9b3969cf09122c16427f6') in 0.068642 seconds 
========================================================================
Received Import Request.
  Time since last request: 0.000242 seconds.
  path: Assets/Art/PlayerAnims/Idle/idle_01.png
  artifactKey: Guid(3e8b999ada056ef4fa5f90a9713f5d32) Importer(815301076,1909f56bfc062723c751e8b465ee728b)
Start importing Assets/Art/PlayerAnims/Idle/idle_01.png using Guid(3e8b999ada056ef4fa5f90a9713f5d32) Importer(815301076,1909f56bfc062723c751e8b465ee728b)  -> (artifact id: 'd98ed3ecd4bea8a1838bffd86fb80538') in 0.104916 seconds 
========================================================================
Received Import Request.
  Time since last request: 0.000446 seconds.
  path: Assets/Art/PlayerAnims/Idle/idle_04.png
  artifactKey: Guid(ca0c6b317fba0ec40acb69d00455b3b4) Importer(815301076,1909f56bfc062723c751e8b465ee728b)
Start importing Assets/Art/PlayerAnims/Idle/idle_04.png using Guid(ca0c6b317fba0ec40acb69d00455b3b4) Importer(815301076,1909f56bfc062723c751e8b465ee728b)  -> (artifact id: 'b1628341d0596f9b27ee765a812724e7') in 0.078135 seconds 
========================================================================
Received Import Request.
  Time since last request: 0.000399 seconds.
  path: Assets/Art/PlayerAnims/Idle/idle_09.png
  artifactKey: Guid(0533c0cc92732ad40ab7b080f199f412) Importer(815301076,1909f56bfc062723c751e8b465ee728b)
Start importing Assets/Art/PlayerAnims/Idle/idle_09.png using Guid(0533c0cc92732ad40ab7b080f199f412) Importer(815301076,1909f56bfc062723c751e8b465ee728b)  -> (artifact id: '795d2bd338ea66aff5d9fcfe3b0360d9') in 0.064869 seconds 
========================================================================
Received Import Request.
  Time since last request: 0.000448 seconds.
  path: Assets/Art/PlayerAnims/Idle/idle_06.png
  artifactKey: Guid(247f36e66ea98c040b9896b6dbd7b47a) Importer(815301076,1909f56bfc062723c751e8b465ee728b)
Start importing Assets/Art/PlayerAnims/Idle/idle_06.png using Guid(247f36e66ea98c040b9896b6dbd7b47a) Importer(815301076,1909f56bfc062723c751e8b465ee728b)  -> (artifact id: 'a58450d6ee35fe15071ca39dc9eee275') in 0.067280 seconds 
========================================================================
Received Import Request.
  Time since last request: 0.000400 seconds.
  path: Assets/Art/PlayerAnims/Idle/idle_07.png
  artifactKey: Guid(6deb6a0806197ba42b339f18747d1cb5) Importer(815301076,1909f56bfc062723c751e8b465ee728b)
Start importing Assets/Art/PlayerAnims/Idle/idle_07.png using Guid(6deb6a0806197ba42b339f18747d1cb5) Importer(815301076,1909f56bfc062723c751e8b465ee728b)  -> (artifact id: 'd2b966dbbcb90a661eaf6f18b0972cf3') in 0.066081 seconds 
========================================================================
Received Import Request.
  Time since last request: 0.000472 seconds.
  path: Assets/Art/PlayerAnims/Idle/idle_10.png
  artifactKey: Guid(6243f7cca8839154ab77cd3ccbb3b9e0) Importer(815301076,1909f56bfc062723c751e8b465ee728b)
Start importing Assets/Art/PlayerAnims/Idle/idle_10.png using Guid(6243f7cca8839154ab77cd3ccbb3b9e0) Importer(815301076,1909f56bfc062723c751e8b465ee728b)  -> (artifact id: '17554fe80d0e33b0540628a3f6b6d964') in 0.065088 seconds 
========================================================================
Received Import Request.
  Time since last request: 0.000531 seconds.
  path: Assets/Art/PlayerAnims/Idle/idle_11.png
  artifactKey: Guid(fda814eeda9099348975256a42b43f6e) Importer(815301076,1909f56bfc062723c751e8b465ee728b)
Start importing Assets/Art/PlayerAnims/Idle/idle_11.png using Guid(fda814eeda9099348975256a42b43f6e) Importer(815301076,1909f56bfc062723c751e8b465ee728b)  -> (artifact id: '344e77450923c5597b1eacb0ee76b833') in 0.356731 seconds 
========================================================================
Received Import Request.
  Time since last request: 0.000332 seconds.
  path: Assets/Art/PlayerAnims/Idle/idle_12.png
  artifactKey: Guid(87e3cbd5ee5f1d64c8f5a01051c1abd1) Importer(815301076,1909f56bfc062723c751e8b465ee728b)
Start importing Assets/Art/PlayerAnims/Idle/idle_12.png using Guid(87e3cbd5ee5f1d64c8f5a01051c1abd1) Importer(815301076,1909f56bfc062723c751e8b465ee728b)  -> (artifact id: '138b1a26f73b72707970717b4f503f18') in 0.071796 seconds 
========================================================================
Received Import Request.
  Time since last request: 12.787786 seconds.
  path: Assets/Art/PlayerAnims/Jump/jump_0.png
  artifactKey: Guid(83efe07a2bdfb764eb92a67d53c40381) Importer(815301076,1909f56bfc062723c751e8b465ee728b)
Start importing Assets/Art/PlayerAnims/Jump/jump_0.png using Guid(83efe07a2bdfb764eb92a67d53c40381) Importer(815301076,1909f56bfc062723c751e8b465ee728b)  -> (artifact id: 'ef16028dbb7fd8017bff186135fac791') in 0.064780 seconds 
========================================================================
Received Import Request.
  Time since last request: 0.000432 seconds.
  path: Assets/Art/PlayerAnims/Jump/jump_1.png
  artifactKey: Guid(4d9af286927fa7c4884c709ae7bb7d63) Importer(815301076,1909f56bfc062723c751e8b465ee728b)
Start importing Assets/Art/PlayerAnims/Jump/jump_1.png using Guid(4d9af286927fa7c4884c709ae7bb7d63) Importer(815301076,1909f56bfc062723c751e8b465ee728b)  -> (artifact id: '31c8c261b455a1390ab129bfa7056beb') in 0.066842 seconds 
========================================================================
Received Import Request.
  Time since last request: 0.000302 seconds.
  path: Assets/Art/PlayerAnims/Jump/jump_2.png
  artifactKey: Guid(6976787c44bdaa947bb8511a13f5bd88) Importer(815301076,1909f56bfc062723c751e8b465ee728b)
Start importing Assets/Art/PlayerAnims/Jump/jump_2.png using Guid(6976787c44bdaa947bb8511a13f5bd88) Importer(815301076,1909f56bfc062723c751e8b465ee728b)  -> (artifact id: 'a564864fa621df4c14121db9716565a6') in 0.065509 seconds 
========================================================================
Received Import Request.
  Time since last request: 10.256261 seconds.
  path: Assets/Art/PlayerAnims/Run/run_0.png
  artifactKey: Guid(34037ae21cbad914080cab148d313ca2) Importer(815301076,1909f56bfc062723c751e8b465ee728b)
Start importing Assets/Art/PlayerAnims/Run/run_0.png using Guid(34037ae21cbad914080cab148d313ca2) Importer(815301076,1909f56bfc062723c751e8b465ee728b)  -> (artifact id: 'cc5ec5e7421e062f5b33a4ed48c39c0f') in 0.066921 seconds 
========================================================================
Received Import Request.
  Time since last request: 0.000338 seconds.
  path: Assets/Art/PlayerAnims/Run/run_5.png
  artifactKey: Guid(dfa0b7f5b98711f4bad1875fa0cc5cd1) Importer(815301076,1909f56bfc062723c751e8b465ee728b)
Start importing Assets/Art/PlayerAnims/Run/run_5.png using Guid(dfa0b7f5b98711f4bad1875fa0cc5cd1) Importer(815301076,1909f56bfc062723c751e8b465ee728b)  -> (artifact id: 'b30abfa0f66434edef0631452518c621') in 0.074598 seconds 
========================================================================
Received Import Request.
  Time since last request: 0.000302 seconds.
  path: Assets/Art/PlayerAnims/Run/run_4.png
  artifactKey: Guid(cb22b649346a01245981d6d9c93ca815) Importer(815301076,1909f56bfc062723c751e8b465ee728b)
Start importing Assets/Art/PlayerAnims/Run/run_4.png using Guid(cb22b649346a01245981d6d9c93ca815) Importer(815301076,1909f56bfc062723c751e8b465ee728b)  -> (artifact id: '8eed44633d05e050451184003a43641a') in 0.066203 seconds 
========================================================================
Received Import Request.
  Time since last request: 0.000332 seconds.
  path: Assets/Art/PlayerAnims/Run/run_7.png
  artifactKey: Guid(a2920f93994faf2458ebc88c0ca1bb8a) Importer(815301076,1909f56bfc062723c751e8b465ee728b)
Start importing Assets/Art/PlayerAnims/Run/run_7.png using Guid(a2920f93994faf2458ebc88c0ca1bb8a) Importer(815301076,1909f56bfc062723c751e8b465ee728b)  -> (artifact id: '78419f20e7e63e6feca15f749061135a') in 0.072957 seconds 
========================================================================
Received Import Request.
  Time since last request: 0.000396 seconds.
  path: Assets/Art/PlayerAnims/Run/run_1.png
  artifactKey: Guid(93f2d6023b073774ba854516bba0a15e) Importer(815301076,1909f56bfc062723c751e8b465ee728b)
Start importing Assets/Art/PlayerAnims/Run/run_1.png using Guid(93f2d6023b073774ba854516bba0a15e) Importer(815301076,1909f56bfc062723c751e8b465ee728b)  -> (artifact id: 'b0fed9d52b8d7acb53859dc6cac5c459') in 0.066586 seconds 
========================================================================
Received Import Request.
  Time since last request: 0.000468 seconds.
  path: Assets/Art/PlayerAnims/Run/run_6.png
  artifactKey: Guid(2902f57149e158847bcaf040fee3a07d) Importer(815301076,1909f56bfc062723c751e8b465ee728b)
Start importing Assets/Art/PlayerAnims/Run/run_6.png using Guid(2902f57149e158847bcaf040fee3a07d) Importer(815301076,1909f56bfc062723c751e8b465ee728b)  -> (artifact id: '0a64e57da8754ac6fe9eaffa2f96febd') in 0.067632 seconds 
========================================================================
Received Import Request.
  Time since last request: 0.000387 seconds.
  path: Assets/Art/PlayerAnims/Run/run_3.png
  artifactKey: Guid(4d35027dc33c6cd468e0e34fecd9eabd) Importer(815301076,1909f56bfc062723c751e8b465ee728b)
Start importing Assets/Art/PlayerAnims/Run/run_3.png using Guid(4d35027dc33c6cd468e0e34fecd9eabd) Importer(815301076,1909f56bfc062723c751e8b465ee728b)  -> (artifact id: '77eb4759970730570fd0aa474d062472') in 0.104869 seconds 
========================================================================
Received Import Request.
  Time since last request: 0.000538 seconds.
  path: Assets/Art/PlayerAnims/Run/run_2.png
  artifactKey: Guid(ed534e96fbe608549a35d5fdb41cce71) Importer(815301076,1909f56bfc062723c751e8b465ee728b)
Start importing Assets/Art/PlayerAnims/Run/run_2.png using Guid(ed534e96fbe608549a35d5fdb41cce71) Importer(815301076,1909f56bfc062723c751e8b465ee728b)  -> (artifact id: '620dd63d0b4464924ccf1e807ca95fe0') in 0.112828 seconds 
========================================================================
Received Prepare
Registering precompiled user dll's ...
Registered in 0.037613 seconds.
Begin MonoManager ReloadAssembly
Native extension for WindowsStandalone target not found
Refreshing native plugins compatible for Editor in 0.67 ms, found 2 plugins.
Preloading 0 native plugins for Editor in 0.00 ms.
Unable to allocate new scene culling mask
UnityEngine.StackTraceUtility:ExtractStackTrace ()
UnityEditor.SceneManagement.EditorSceneManager:NewPreviewScene (bool)
UnityEditor.SceneManagement.EditorSceneManager:NewPreviewScene ()
UnityEditor.PreviewScene:.ctor (string)
UnityEditor.PreviewRenderUtility:.ctor ()
UnityEditor.Texture3DPreview:InitPreviewUtility ()
UnityEditor.Texture3DPreview:OnEnable ()

[C:\buildslave\unity\build\Editor/Src/SceneManager/EditorSceneManager.cpp line 672]

Unable to allocate new scene culling mask
UnityEngine.StackTraceUtility:ExtractStackTrace ()
UnityEditor.SceneManagement.EditorSceneManager:NewPreviewScene (bool)
UnityEditor.SceneManagement.EditorSceneManager:NewPreviewScene ()
UnityEditor.PreviewScene:.ctor (string)
UnityEditor.PreviewRenderUtility:.ctor ()
UnityEditor.Texture3DPreview:InitPreviewUtility ()
UnityEditor.Texture3DPreview:OnEnable ()

[C:\buildslave\unity\build\Editor/Src/SceneManager/EditorSceneManager.cpp line 672]

Mono: successfully reloaded assembly
- Completed reload, in  1.834 seconds
Platform modules already initialized, skipping
Refreshing native plugins compatible for Editor in 0.65 ms, found 2 plugins.
Preloading 0 native plugins for Editor in 0.00 ms.
Unloading 3570 Unused Serialized files (Serialized files now loaded: 0)
System memory in use before: 164.6 MB.
System memory in use after: 164.7 MB.

Unloading 18 unused Assets to reduce memory usage. Loaded Objects now: 4921.
Total: 2.523100 ms (FindLiveObjects: 0.312400 ms CreateObjectMapping: 0.160800 ms MarkObjects: 1.967100 ms  DeleteObjects: 0.082000 ms)

========================================================================
Received Prepare
Registering precompiled user dll's ...
Registered in 0.052881 seconds.
Begin MonoManager ReloadAssembly
Native extension for WindowsStandalone target not found
Refreshing native plugins compatible for Editor in 0.67 ms, found 2 plugins.
Preloading 0 native plugins for Editor in 0.00 ms.
Unable to allocate new scene culling mask
UnityEngine.StackTraceUtility:ExtractStackTrace ()
UnityEditor.SceneManagement.EditorSceneManager:NewPreviewScene (bool)
UnityEditor.SceneManagement.EditorSceneManager:NewPreviewScene ()
UnityEditor.PreviewScene:.ctor (string)
UnityEditor.PreviewRenderUtility:.ctor ()
UnityEditor.Texture3DPreview:InitPreviewUtility ()
UnityEditor.Texture3DPreview:OnEnable ()

[C:\buildslave\unity\build\Editor/Src/SceneManager/EditorSceneManager.cpp line 672]

Unable to allocate new scene culling mask
UnityEngine.StackTraceUtility:ExtractStackTrace ()
UnityEditor.SceneManagement.EditorSceneManager:NewPreviewScene (bool)
UnityEditor.SceneManagement.EditorSceneManager:NewPreviewScene ()
UnityEditor.PreviewScene:.ctor (string)
UnityEditor.PreviewRenderUtility:.ctor ()
UnityEditor.Texture3DPreview:InitPreviewUtility ()
UnityEditor.Texture3DPreview:OnEnable ()

[C:\buildslave\unity\build\Editor/Src/SceneManager/EditorSceneManager.cpp line 672]

Mono: successfully reloaded assembly
- Completed reload, in  1.412 seconds
Platform modules already initialized, skipping
Refreshing native plugins compatible for Editor in 0.60 ms, found 2 plugins.
Preloading 0 native plugins for Editor in 0.00 ms.
Unloading 3520 Unused Serialized files (Serialized files now loaded: 0)
System memory in use before: 162.8 MB.
System memory in use after: 162.9 MB.

Unloading 18 unused Assets to reduce memory usage. Loaded Objects now: 4925.
Total: 2.663500 ms (FindLiveObjects: 0.356900 ms CreateObjectMapping: 0.171300 ms MarkObjects: 2.050500 ms  DeleteObjects: 0.084200 ms)

========================================================================
Received Import Request.
  Time since last request: 425.254690 seconds.
  path: Assets/Art/PlayerAnims/Player.controller
  artifactKey: Guid(8b3fe5f6e9972214784e94615146e42d) Importer(815301076,1909f56bfc062723c751e8b465ee728b)
Start importing Assets/Art/PlayerAnims/Player.controller using Guid(8b3fe5f6e9972214784e94615146e42d) Importer(815301076,1909f56bfc062723c751e8b465ee728b)  -> (artifact id: '547e1df6999bfa85cf02bc3e92150e45') in 0.090144 seconds 
========================================================================
Received Prepare
Registering precompiled user dll's ...
Registered in 0.038468 seconds.
Begin MonoManager ReloadAssembly
Native extension for WindowsStandalone target not found
Refreshing native plugins compatible for Editor in 0.61 ms, found 2 plugins.
Preloading 0 native plugins for Editor in 0.00 ms.
Unable to allocate new scene culling mask
UnityEngine.StackTraceUtility:ExtractStackTrace ()
UnityEditor.SceneManagement.EditorSceneManager:NewPreviewScene (bool)
UnityEditor.SceneManagement.EditorSceneManager:NewPreviewScene ()
UnityEditor.PreviewScene:.ctor (string)
UnityEditor.PreviewRenderUtility:.ctor ()
UnityEditor.Texture3DPreview:InitPreviewUtility ()
UnityEditor.Texture3DPreview:OnEnable ()

[C:\buildslave\unity\build\Editor/Src/SceneManager/EditorSceneManager.cpp line 672]

Unable to allocate new scene culling mask
UnityEngine.StackTraceUtility:ExtractStackTrace ()
UnityEditor.SceneManagement.EditorSceneManager:NewPreviewScene (bool)
UnityEditor.SceneManagement.EditorSceneManager:NewPreviewScene ()
UnityEditor.PreviewScene:.ctor (string)
UnityEditor.PreviewRenderUtility:.ctor ()
UnityEditor.Texture3DPreview:InitPreviewUtility ()
UnityEditor.Texture3DPreview:OnEnable ()

[C:\buildslave\unity\build\Editor/Src/SceneManager/EditorSceneManager.cpp line 672]

Mono: successfully reloaded assembly
- Completed reload, in  1.550 seconds
Platform modules already initialized, skipping
Refreshing native plugins compatible for Editor in 0.60 ms, found 2 plugins.
Preloading 0 native plugins for Editor in 0.00 ms.
Unloading 3520 Unused Serialized files (Serialized files now loaded: 0)
System memory in use before: 162.7 MB.
System memory in use after: 162.8 MB.

Unloading 18 unused Assets to reduce memory usage. Loaded Objects now: 4929.
Total: 2.731600 ms (FindLiveObjects: 0.344000 ms CreateObjectMapping: 0.172600 ms MarkObjects: 2.128600 ms  DeleteObjects: 0.085400 ms)

========================================================================
Received Prepare
Registering precompiled user dll's ...
Registered in 0.037407 seconds.
Begin MonoManager ReloadAssembly
Native extension for WindowsStandalone target not found
Refreshing native plugins compatible for Editor in 0.60 ms, found 2 plugins.
Preloading 0 native plugins for Editor in 0.00 ms.
Unable to allocate new scene culling mask
UnityEngine.StackTraceUtility:ExtractStackTrace ()
UnityEditor.SceneManagement.EditorSceneManager:NewPreviewScene (bool)
UnityEditor.SceneManagement.EditorSceneManager:NewPreviewScene ()
UnityEditor.PreviewScene:.ctor (string)
UnityEditor.PreviewRenderUtility:.ctor ()
UnityEditor.Texture3DPreview:InitPreviewUtility ()
UnityEditor.Texture3DPreview:OnEnable ()

[C:\buildslave\unity\build\Editor/Src/SceneManager/EditorSceneManager.cpp line 672]

Unable to allocate new scene culling mask
UnityEngine.StackTraceUtility:ExtractStackTrace ()
UnityEditor.SceneManagement.EditorSceneManager:NewPreviewScene (bool)
UnityEditor.SceneManagement.EditorSceneManager:NewPreviewScene ()
UnityEditor.PreviewScene:.ctor (string)
UnityEditor.PreviewRenderUtility:.ctor ()
UnityEditor.Texture3DPreview:InitPreviewUtility ()
UnityEditor.Texture3DPreview:OnEnable ()

[C:\buildslave\unity\build\Editor/Src/SceneManager/EditorSceneManager.cpp line 672]

Mono: successfully reloaded assembly
- Completed reload, in  1.404 seconds
Platform modules already initialized, skipping
Refreshing native plugins compatible for Editor in 0.60 ms, found 2 plugins.
Preloading 0 native plugins for Editor in 0.00 ms.
Unloading 3520 Unused Serialized files (Serialized files now loaded: 0)
System memory in use before: 162.7 MB.
System memory in use after: 162.8 MB.

Unloading 18 unused Assets to reduce memory usage. Loaded Objects now: 4933.
Total: 2.881400 ms (FindLiveObjects: 0.413000 ms CreateObjectMapping: 0.216100 ms MarkObjects: 2.165500 ms  DeleteObjects: 0.085300 ms)

========================================================================
Received Prepare
Registering precompiled user dll's ...
Registered in 0.040001 seconds.
Begin MonoManager ReloadAssembly
Native extension for WindowsStandalone target not found
Refreshing native plugins compatible for Editor in 4.93 ms, found 2 plugins.
Preloading 0 native plugins for Editor in 0.00 ms.
Unable to allocate new scene culling mask
UnityEngine.StackTraceUtility:ExtractStackTrace ()
UnityEditor.SceneManagement.EditorSceneManager:NewPreviewScene (bool)
UnityEditor.SceneManagement.EditorSceneManager:NewPreviewScene ()
UnityEditor.PreviewScene:.ctor (string)
UnityEditor.PreviewRenderUtility:.ctor ()
UnityEditor.Texture3DPreview:InitPreviewUtility ()
UnityEditor.Texture3DPreview:OnEnable ()

[C:\buildslave\unity\build\Editor/Src/SceneManager/EditorSceneManager.cpp line 672]

Unable to allocate new scene culling mask
UnityEngine.StackTraceUtility:ExtractStackTrace ()
UnityEditor.SceneManagement.EditorSceneManager:NewPreviewScene (bool)
UnityEditor.SceneManagement.EditorSceneManager:NewPreviewScene ()
UnityEditor.PreviewScene:.ctor (string)
UnityEditor.PreviewRenderUtility:.ctor ()
UnityEditor.Texture3DPreview:InitPreviewUtility ()
UnityEditor.Texture3DPreview:OnEnable ()

[C:\buildslave\unity\build\Editor/Src/SceneManager/EditorSceneManager.cpp line 672]

Mono: successfully reloaded assembly
- Completed reload, in  1.835 seconds
Platform modules already initialized, skipping
Refreshing native plugins compatible for Editor in 0.65 ms, found 2 plugins.
Preloading 0 native plugins for Editor in 0.00 ms.
Unloading 3520 Unused Serialized files (Serialized files now loaded: 0)
System memory in use before: 163.0 MB.
System memory in use after: 163.1 MB.

Unloading 18 unused Assets to reduce memory usage. Loaded Objects now: 4937.
Total: 2.772700 ms (FindLiveObjects: 0.379900 ms CreateObjectMapping: 0.189400 ms MarkObjects: 2.113100 ms  DeleteObjects: 0.089100 ms)

========================================================================
Received Prepare
Registering precompiled user dll's ...
Registered in 0.007803 seconds.
Begin MonoManager ReloadAssembly
Native extension for WindowsStandalone target not found
Refreshing native plugins compatible for Editor in 0.64 ms, found 2 plugins.
Preloading 0 native plugins for Editor in 0.00 ms.
Unable to allocate new scene culling mask
UnityEngine.StackTraceUtility:ExtractStackTrace ()
UnityEditor.SceneManagement.EditorSceneManager:NewPreviewScene (bool)
UnityEditor.SceneManagement.EditorSceneManager:NewPreviewScene ()
UnityEditor.PreviewScene:.ctor (string)
UnityEditor.PreviewRenderUtility:.ctor ()
UnityEditor.Texture3DPreview:InitPreviewUtility ()
UnityEditor.Texture3DPreview:OnEnable ()

[C:\buildslave\unity\build\Editor/Src/SceneManager/EditorSceneManager.cpp line 672]

Unable to allocate new scene culling mask
UnityEngine.StackTraceUtility:ExtractStackTrace ()
UnityEditor.SceneManagement.EditorSceneManager:NewPreviewScene (bool)
UnityEditor.SceneManagement.EditorSceneManager:NewPreviewScene ()
UnityEditor.PreviewScene:.ctor (string)
UnityEditor.PreviewRenderUtility:.ctor ()
UnityEditor.Texture3DPreview:InitPreviewUtility ()
UnityEditor.Texture3DPreview:OnEnable ()

[C:\buildslave\unity\build\Editor/Src/SceneManager/EditorSceneManager.cpp line 672]

Mono: successfully reloaded assembly
- Completed reload, in  1.453 seconds
Platform modules already initialized, skipping
Refreshing native plugins compatible for Editor in 0.64 ms, found 2 plugins.
Preloading 0 native plugins for Editor in 0.00 ms.
Unloading 3520 Unused Serialized files (Serialized files now loaded: 0)
System memory in use before: 162.8 MB.
System memory in use after: 162.9 MB.

Unloading 18 unused Assets to reduce memory usage. Loaded Objects now: 4941.
Total: 4.597500 ms (FindLiveObjects: 0.377800 ms CreateObjectMapping: 0.203100 ms MarkObjects: 3.884200 ms  DeleteObjects: 0.131200 ms)

========================================================================
Received Prepare
Registering precompiled user dll's ...
Registered in 0.087613 seconds.
Begin MonoManager ReloadAssembly
Native extension for WindowsStandalone target not found
Refreshing native plugins compatible for Editor in 0.72 ms, found 2 plugins.
Preloading 0 native plugins for Editor in 0.00 ms.
Unable to allocate new scene culling mask
UnityEngine.StackTraceUtility:ExtractStackTrace ()
UnityEditor.SceneManagement.EditorSceneManager:NewPreviewScene (bool)
UnityEditor.SceneManagement.EditorSceneManager:NewPreviewScene ()
UnityEditor.PreviewScene:.ctor (string)
UnityEditor.PreviewRenderUtility:.ctor ()
UnityEditor.Texture3DPreview:InitPreviewUtility ()
UnityEditor.Texture3DPreview:OnEnable ()

[C:\buildslave\unity\build\Editor/Src/SceneManager/EditorSceneManager.cpp line 672]

Unable to allocate new scene culling mask
UnityEngine.StackTraceUtility:ExtractStackTrace ()
UnityEditor.SceneManagement.EditorSceneManager:NewPreviewScene (bool)
UnityEditor.SceneManagement.EditorSceneManager:NewPreviewScene ()
UnityEditor.PreviewScene:.ctor (string)
UnityEditor.PreviewRenderUtility:.ctor ()
UnityEditor.Texture3DPreview:InitPreviewUtility ()
UnityEditor.Texture3DPreview:OnEnable ()

[C:\buildslave\unity\build\Editor/Src/SceneManager/EditorSceneManager.cpp line 672]

Mono: successfully reloaded assembly
- Completed reload, in  1.385 seconds
Platform modules already initialized, skipping
Refreshing native plugins compatible for Editor in 0.67 ms, found 2 plugins.
Preloading 0 native plugins for Editor in 0.00 ms.
Unloading 3520 Unused Serialized files (Serialized files now loaded: 0)
System memory in use before: 162.8 MB.
System memory in use after: 163.0 MB.

Unloading 18 unused Assets to reduce memory usage. Loaded Objects now: 4945.
Total: 4.014900 ms (FindLiveObjects: 0.342800 ms CreateObjectMapping: 0.175400 ms MarkObjects: 3.402900 ms  DeleteObjects: 0.092700 ms)

========================================================================
Received Prepare
Registering precompiled user dll's ...
Registered in 0.009936 seconds.
Begin MonoManager ReloadAssembly
Native extension for WindowsStandalone target not found
Refreshing native plugins compatible for Editor in 0.61 ms, found 2 plugins.
Preloading 0 native plugins for Editor in 0.00 ms.
Unable to allocate new scene culling mask
UnityEngine.StackTraceUtility:ExtractStackTrace ()
UnityEditor.SceneManagement.EditorSceneManager:NewPreviewScene (bool)
UnityEditor.SceneManagement.EditorSceneManager:NewPreviewScene ()
UnityEditor.PreviewScene:.ctor (string)
UnityEditor.PreviewRenderUtility:.ctor ()
UnityEditor.Texture3DPreview:InitPreviewUtility ()
UnityEditor.Texture3DPreview:OnEnable ()

[C:\buildslave\unity\build\Editor/Src/SceneManager/EditorSceneManager.cpp line 672]

Unable to allocate new scene culling mask
UnityEngine.StackTraceUtility:ExtractStackTrace ()
UnityEditor.SceneManagement.EditorSceneManager:NewPreviewScene (bool)
UnityEditor.SceneManagement.EditorSceneManager:NewPreviewScene ()
UnityEditor.PreviewScene:.ctor (string)
UnityEditor.PreviewRenderUtility:.ctor ()
UnityEditor.Texture3DPreview:InitPreviewUtility ()
UnityEditor.Texture3DPreview:OnEnable ()

[C:\buildslave\unity\build\Editor/Src/SceneManager/EditorSceneManager.cpp line 672]

Mono: successfully reloaded assembly
- Completed reload, in  1.280 seconds
Platform modules already initialized, skipping
Refreshing native plugins compatible for Editor in 0.61 ms, found 2 plugins.
Preloading 0 native plugins for Editor in 0.00 ms.
Unloading 3521 Unused Serialized files (Serialized files now loaded: 0)
System memory in use before: 163.1 MB.
System memory in use after: 163.2 MB.

Unloading 18 unused Assets to reduce memory usage. Loaded Objects now: 4950.
Total: 2.810200 ms (FindLiveObjects: 0.361700 ms CreateObjectMapping: 0.166600 ms MarkObjects: 2.193100 ms  DeleteObjects: 0.087900 ms)

========================================================================
Received Import Request.
  Time since last request: 1344.066086 seconds.
  path: Assets/Art/Enviornment/Greenbox.prefab
  artifactKey: Guid(109238188584025479a91921df40853b) Importer(815301076,1909f56bfc062723c751e8b465ee728b)
Start importing Assets/Art/Enviornment/Greenbox.prefab using Guid(109238188584025479a91921df40853b) Importer(815301076,1909f56bfc062723c751e8b465ee728b)  -> (artifact id: '7a59d83146aef25c6a0d20e219234c6d') in 0.085276 seconds 
========================================================================
Received Import Request.
  Time since last request: 11.024337 seconds.
  path: Assets/Scripts/Die_13.png
  artifactKey: Guid(ed640680ae5139643bc38f2ebc03550c) Importer(815301076,1909f56bfc062723c751e8b465ee728b)
Start importing Assets/Scripts/Die_13.png using Guid(ed640680ae5139643bc38f2ebc03550c) Importer(815301076,1909f56bfc062723c751e8b465ee728b) Unable to allocate new scene culling mask
UnityEngine.StackTraceUtility:ExtractStackTrace ()
UnityEditor.SceneManagement.EditorSceneManager:NewPreviewScene (bool)
UnityEditor.SceneManagement.EditorSceneManager:NewPreviewScene ()
UnityEditor.PreviewScene:.ctor (string)
UnityEditor.PreviewRenderUtility:.ctor ()
UnityEditor.Texture3DPreview:InitPreviewUtility ()
UnityEditor.Texture3DPreview:OnEnable ()
UnityEngine.ScriptableObject:CreateInstance (System.Type)
UnityEngine.ScriptableObject:CreateInstance<UnityEditor.Texture3DPreview> ()
UnityEditor.TextureInspector:OnEnable ()
UnityEditor.Editor:CreateEditorWithContext (UnityEngine.Object[],UnityEngine.Object,System.Type)
UnityEditor.Editor:CreateEditor (UnityEngine.Object,System.Type)
UnityEditor.Editor:CreateEditor (UnityEngine.Object)
UnityEditor.AssetPreviewUpdater:CreatePreview (UnityEngine.Object,UnityEngine.Object[],string,int,int)
UnityEditor.AssetPreviewUpdater:CreatePreviewForAsset (UnityEngine.Object,UnityEngine.Object[],string)

[C:\buildslave\unity\build\Editor/Src/SceneManager/EditorSceneManager.cpp line 672]

 -> (artifact id: '8c5308be5b3b72bba3bb7948efa5aeb2') in 0.094096 seconds 
========================================================================
Received Import Request.
  Time since last request: 0.000288 seconds.
  path: Assets/Scripts/Die_17.png
  artifactKey: Guid(8182aee54d5c6664b9c2146658ddc4a3) Importer(815301076,1909f56bfc062723c751e8b465ee728b)
Start importing Assets/Scripts/Die_17.png using Guid(8182aee54d5c6664b9c2146658ddc4a3) Importer(815301076,1909f56bfc062723c751e8b465ee728b) Unable to allocate new scene culling mask
UnityEngine.StackTraceUtility:ExtractStackTrace ()
UnityEditor.SceneManagement.EditorSceneManager:NewPreviewScene (bool)
UnityEditor.SceneManagement.EditorSceneManager:NewPreviewScene ()
UnityEditor.PreviewScene:.ctor (string)
UnityEditor.PreviewRenderUtility:.ctor ()
UnityEditor.Texture3DPreview:InitPreviewUtility ()
UnityEditor.Texture3DPreview:OnEnable ()
UnityEngine.ScriptableObject:CreateInstance (System.Type)
UnityEngine.ScriptableObject:CreateInstance<UnityEditor.Texture3DPreview> ()
UnityEditor.TextureInspector:OnEnable ()
UnityEditor.Editor:CreateEditorWithContext (UnityEngine.Object[],UnityEngine.Object,System.Type)
UnityEditor.Editor:CreateEditor (UnityEngine.Object,System.Type)
UnityEditor.Editor:CreateEditor (UnityEngine.Object)
UnityEditor.AssetPreviewUpdater:CreatePreview (UnityEngine.Object,UnityEngine.Object[],string,int,int)
UnityEditor.AssetPreviewUpdater:CreatePreviewForAsset (UnityEngine.Object,UnityEngine.Object[],string)

[C:\buildslave\unity\build\Editor/Src/SceneManager/EditorSceneManager.cpp line 672]

 -> (artifact id: 'e5a8586ee8af9c46ae5e223b933e3e51') in 0.072161 seconds 
========================================================================
Received Import Request.
  Time since last request: 0.000425 seconds.
  path: Assets/Scripts/Die_14.png
  artifactKey: Guid(007a8f50ad7a3fb4aa90c69487b8e17a) Importer(815301076,1909f56bfc062723c751e8b465ee728b)
Start importing Assets/Scripts/Die_14.png using Guid(007a8f50ad7a3fb4aa90c69487b8e17a) Importer(815301076,1909f56bfc062723c751e8b465ee728b) Unable to allocate new scene culling mask
UnityEngine.StackTraceUtility:ExtractStackTrace ()
UnityEditor.SceneManagement.EditorSceneManager:NewPreviewScene (bool)
UnityEditor.SceneManagement.EditorSceneManager:NewPreviewScene ()
UnityEditor.PreviewScene:.ctor (string)
UnityEditor.PreviewRenderUtility:.ctor ()
UnityEditor.Texture3DPreview:InitPreviewUtility ()
UnityEditor.Texture3DPreview:OnEnable ()
UnityEngine.ScriptableObject:CreateInstance (System.Type)
UnityEngine.ScriptableObject:CreateInstance<UnityEditor.Texture3DPreview> ()
UnityEditor.TextureInspector:OnEnable ()
UnityEditor.Editor:CreateEditorWithContext (UnityEngine.Object[],UnityEngine.Object,System.Type)
UnityEditor.Editor:CreateEditor (UnityEngine.Object,System.Type)
UnityEditor.Editor:CreateEditor (UnityEngine.Object)
UnityEditor.AssetPreviewUpdater:CreatePreview (UnityEngine.Object,UnityEngine.Object[],string,int,int)
UnityEditor.AssetPreviewUpdater:CreatePreviewForAsset (UnityEngine.Object,UnityEngine.Object[],string)

[C:\buildslave\unity\build\Editor/Src/SceneManager/EditorSceneManager.cpp line 672]

 -> (artifact id: 'b539d45bd608cd8c160a76ab9aac650f') in 0.072926 seconds 
========================================================================
Received Import Request.
  Time since last request: 0.000463 seconds.
  path: Assets/Scripts/Die_15.png
  artifactKey: Guid(6892951ece1442c4fb9d3b365bd153ad) Importer(815301076,1909f56bfc062723c751e8b465ee728b)
Start importing Assets/Scripts/Die_15.png using Guid(6892951ece1442c4fb9d3b365bd153ad) Importer(815301076,1909f56bfc062723c751e8b465ee728b) Unable to allocate new scene culling mask
UnityEngine.StackTraceUtility:ExtractStackTrace ()
UnityEditor.SceneManagement.EditorSceneManager:NewPreviewScene (bool)
UnityEditor.SceneManagement.EditorSceneManager:NewPreviewScene ()
UnityEditor.PreviewScene:.ctor (string)
UnityEditor.PreviewRenderUtility:.ctor ()
UnityEditor.Texture3DPreview:InitPreviewUtility ()
UnityEditor.Texture3DPreview:OnEnable ()
UnityEngine.ScriptableObject:CreateInstance (System.Type)
UnityEngine.ScriptableObject:CreateInstance<UnityEditor.Texture3DPreview> ()
UnityEditor.TextureInspector:OnEnable ()
UnityEditor.Editor:CreateEditorWithContext (UnityEngine.Object[],UnityEngine.Object,System.Type)
UnityEditor.Editor:CreateEditor (UnityEngine.Object,System.Type)
UnityEditor.Editor:CreateEditor (UnityEngine.Object)
UnityEditor.AssetPreviewUpdater:CreatePreview (UnityEngine.Object,UnityEngine.Object[],string,int,int)
UnityEditor.AssetPreviewUpdater:CreatePreviewForAsset (UnityEngine.Object,UnityEngine.Object[],string)

[C:\buildslave\unity\build\Editor/Src/SceneManager/EditorSceneManager.cpp line 672]

 -> (artifact id: '634ed4771aa2b779025ad2f8ab129892') in 0.072917 seconds 
========================================================================
Received Import Request.
  Time since last request: 0.000344 seconds.
  path: Assets/Scripts/Die_16.png
  artifactKey: Guid(b3d434b7af9f039499aca5a578511a4f) Importer(815301076,1909f56bfc062723c751e8b465ee728b)
Start importing Assets/Scripts/Die_16.png using Guid(b3d434b7af9f039499aca5a578511a4f) Importer(815301076,1909f56bfc062723c751e8b465ee728b) Unable to allocate new scene culling mask
UnityEngine.StackTraceUtility:ExtractStackTrace ()
UnityEditor.SceneManagement.EditorSceneManager:NewPreviewScene (bool)
UnityEditor.SceneManagement.EditorSceneManager:NewPreviewScene ()
UnityEditor.PreviewScene:.ctor (string)
UnityEditor.PreviewRenderUtility:.ctor ()
UnityEditor.Texture3DPreview:InitPreviewUtility ()
UnityEditor.Texture3DPreview:OnEnable ()
UnityEngine.ScriptableObject:CreateInstance (System.Type)
UnityEngine.ScriptableObject:CreateInstance<UnityEditor.Texture3DPreview> ()
UnityEditor.TextureInspector:OnEnable ()
UnityEditor.Editor:CreateEditorWithContext (UnityEngine.Object[],UnityEngine.Object,System.Type)
UnityEditor.Editor:CreateEditor (UnityEngine.Object,System.Type)
UnityEditor.Editor:CreateEditor (UnityEngine.Object)
UnityEditor.AssetPreviewUpdater:CreatePreview (UnityEngine.Object,UnityEngine.Object[],string,int,int)
UnityEditor.AssetPreviewUpdater:CreatePreviewForAsset (UnityEngine.Object,UnityEngine.Object[],string)

[C:\buildslave\unity\build\Editor/Src/SceneManager/EditorSceneManager.cpp line 672]

 -> (artifact id: 'c343c9b8d5686ea995a86a2a5351cbf0') in 0.077134 seconds 
========================================================================
Received Import Request.
  Time since last request: 51.563864 seconds.
  path: Assets/Scripts/DiaController.cs
  artifactKey: Guid(a4c50600941f1a14796e650a3233db61) Importer(815301076,1909f56bfc062723c751e8b465ee728b)
Start importing Assets/Scripts/DiaController.cs using Guid(a4c50600941f1a14796e650a3233db61) Importer(815301076,1909f56bfc062723c751e8b465ee728b)  -> (artifact id: '70b5a21b5ee2af82317ac7d0df6da7fd') in 0.049296 seconds 
========================================================================
Received Prepare
Registering precompiled user dll's ...
Registered in 0.013434 seconds.
Begin MonoManager ReloadAssembly
Native extension for WindowsStandalone target not found
Refreshing native plugins compatible for Editor in 0.67 ms, found 2 plugins.
Preloading 0 native plugins for Editor in 0.00 ms.
Unable to allocate new scene culling mask
UnityEngine.StackTraceUtility:ExtractStackTrace ()
UnityEditor.SceneManagement.EditorSceneManager:NewPreviewScene (bool)
UnityEditor.SceneManagement.EditorSceneManager:NewPreviewScene ()
UnityEditor.PreviewScene:.ctor (string)
UnityEditor.PreviewRenderUtility:.ctor ()
UnityEditor.Texture3DPreview:InitPreviewUtility ()
UnityEditor.Texture3DPreview:OnEnable ()

[C:\buildslave\unity\build\Editor/Src/SceneManager/EditorSceneManager.cpp line 672]

Unable to allocate new scene culling mask
UnityEngine.StackTraceUtility:ExtractStackTrace ()
UnityEditor.SceneManagement.EditorSceneManager:NewPreviewScene (bool)
UnityEditor.SceneManagement.EditorSceneManager:NewPreviewScene ()
UnityEditor.PreviewScene:.ctor (string)
UnityEditor.PreviewRenderUtility:.ctor ()
UnityEditor.Texture3DPreview:InitPreviewUtility ()
UnityEditor.Texture3DPreview:OnEnable ()

[C:\buildslave\unity\build\Editor/Src/SceneManager/EditorSceneManager.cpp line 672]

Unable to allocate new scene culling mask
UnityEngine.StackTraceUtility:ExtractStackTrace ()
UnityEditor.SceneManagement.EditorSceneManager:NewPreviewScene (bool)
UnityEditor.SceneManagement.EditorSceneManager:NewPreviewScene ()
UnityEditor.PreviewScene:.ctor (string)
UnityEditor.PreviewRenderUtility:.ctor ()
UnityEditor.Texture3DPreview:InitPreviewUtility ()
UnityEditor.Texture3DPreview:OnEnable ()

[C:\buildslave\unity\build\Editor/Src/SceneManager/EditorSceneManager.cpp line 672]

Unable to allocate new scene culling mask
UnityEngine.StackTraceUtility:ExtractStackTrace ()
UnityEditor.SceneManagement.EditorSceneManager:NewPreviewScene (bool)
UnityEditor.SceneManagement.EditorSceneManager:NewPreviewScene ()
UnityEditor.PreviewScene:.ctor (string)
UnityEditor.PreviewRenderUtility:.ctor ()
UnityEditor.Texture3DPreview:InitPreviewUtility ()
UnityEditor.Texture3DPreview:OnEnable ()

[C:\buildslave\unity\build\Editor/Src/SceneManager/EditorSceneManager.cpp line 672]

Unable to allocate new scene culling mask
UnityEngine.StackTraceUtility:ExtractStackTrace ()
UnityEditor.SceneManagement.EditorSceneManager:NewPreviewScene (bool)
UnityEditor.SceneManagement.EditorSceneManager:NewPreviewScene ()
UnityEditor.PreviewScene:.ctor (string)
UnityEditor.PreviewRenderUtility:.ctor ()
UnityEditor.Texture3DPreview:InitPreviewUtility ()
UnityEditor.Texture3DPreview:OnEnable ()

[C:\buildslave\unity\build\Editor/Src/SceneManager/EditorSceneManager.cpp line 672]

Unable to allocate new scene culling mask
UnityEngine.StackTraceUtility:ExtractStackTrace ()
UnityEditor.SceneManagement.EditorSceneManager:NewPreviewScene (bool)
UnityEditor.SceneManagement.EditorSceneManager:NewPreviewScene ()
UnityEditor.PreviewScene:.ctor (string)
UnityEditor.PreviewRenderUtility:.ctor ()
UnityEditor.Texture3DPreview:InitPreviewUtility ()
UnityEditor.Texture3DPreview:OnEnable ()

[C:\buildslave\unity\build\Editor/Src/SceneManager/EditorSceneManager.cpp line 672]

Unable to allocate new scene culling mask
UnityEngine.StackTraceUtility:ExtractStackTrace ()
UnityEditor.SceneManagement.EditorSceneManager:NewPreviewScene (bool)
UnityEditor.SceneManagement.EditorSceneManager:NewPreviewScene ()
UnityEditor.PreviewScene:.ctor (string)
UnityEditor.PreviewRenderUtility:.ctor ()
UnityEditor.Texture3DPreview:InitPreviewUtility ()
UnityEditor.Texture3DPreview:OnEnable ()

[C:\buildslave\unity\build\Editor/Src/SceneManager/EditorSceneManager.cpp line 672]

Mono: successfully reloaded assembly
- Completed reload, in  1.403 seconds
Platform modules already initialized, skipping
Refreshing native plugins compatible for Editor in 0.60 ms, found 2 plugins.
Preloading 0 native plugins for Editor in 0.00 ms.
Unloading 3522 Unused Serialized files (Serialized files now loaded: 0)
System memory in use before: 165.1 MB.
System memory in use after: 165.2 MB.

Unloading 18 unused Assets to reduce memory usage. Loaded Objects now: 5026.
Total: 2.884100 ms (FindLiveObjects: 0.389100 ms CreateObjectMapping: 0.177300 ms MarkObjects: 2.228900 ms  DeleteObjects: 0.088000 ms)

========================================================================
Received Import Request.
  Time since last request: 33.498445 seconds.
  path: Assets/Scripts/Dialogue.cs
  artifactKey: Guid(4d4b2f9177e8af94782da7cf5a72acfc) Importer(815301076,1909f56bfc062723c751e8b465ee728b)
Start importing Assets/Scripts/Dialogue.cs using Guid(4d4b2f9177e8af94782da7cf5a72acfc) Importer(815301076,1909f56bfc062723c751e8b465ee728b)  -> (artifact id: 'c3ebcf7fef8a4c67c2831d5b84dd003a') in 0.052471 seconds 
========================================================================
Received Prepare
Registering precompiled user dll's ...
Registered in 0.014373 seconds.
Begin MonoManager ReloadAssembly
Native extension for WindowsStandalone target not found
Refreshing native plugins compatible for Editor in 0.60 ms, found 2 plugins.
Preloading 0 native plugins for Editor in 0.00 ms.
Unable to allocate new scene culling mask
UnityEngine.StackTraceUtility:ExtractStackTrace ()
UnityEditor.SceneManagement.EditorSceneManager:NewPreviewScene (bool)
UnityEditor.SceneManagement.EditorSceneManager:NewPreviewScene ()
UnityEditor.PreviewScene:.ctor (string)
UnityEditor.PreviewRenderUtility:.ctor ()
UnityEditor.Texture3DPreview:InitPreviewUtility ()
UnityEditor.Texture3DPreview:OnEnable ()

[C:\buildslave\unity\build\Editor/Src/SceneManager/EditorSceneManager.cpp line 672]

Unable to allocate new scene culling mask
UnityEngine.StackTraceUtility:ExtractStackTrace ()
UnityEditor.SceneManagement.EditorSceneManager:NewPreviewScene (bool)
UnityEditor.SceneManagement.EditorSceneManager:NewPreviewScene ()
UnityEditor.PreviewScene:.ctor (string)
UnityEditor.PreviewRenderUtility:.ctor ()
UnityEditor.Texture3DPreview:InitPreviewUtility ()
UnityEditor.Texture3DPreview:OnEnable ()

[C:\buildslave\unity\build\Editor/Src/SceneManager/EditorSceneManager.cpp line 672]

Unable to allocate new scene culling mask
UnityEngine.StackTraceUtility:ExtractStackTrace ()
UnityEditor.SceneManagement.EditorSceneManager:NewPreviewScene (bool)
UnityEditor.SceneManagement.EditorSceneManager:NewPreviewScene ()
UnityEditor.PreviewScene:.ctor (string)
UnityEditor.PreviewRenderUtility:.ctor ()
UnityEditor.Texture3DPreview:InitPreviewUtility ()
UnityEditor.Texture3DPreview:OnEnable ()

[C:\buildslave\unity\build\Editor/Src/SceneManager/EditorSceneManager.cpp line 672]

Unable to allocate new scene culling mask
UnityEngine.StackTraceUtility:ExtractStackTrace ()
UnityEditor.SceneManagement.EditorSceneManager:NewPreviewScene (bool)
UnityEditor.SceneManagement.EditorSceneManager:NewPreviewScene ()
UnityEditor.PreviewScene:.ctor (string)
UnityEditor.PreviewRenderUtility:.ctor ()
UnityEditor.Texture3DPreview:InitPreviewUtility ()
UnityEditor.Texture3DPreview:OnEnable ()

[C:\buildslave\unity\build\Editor/Src/SceneManager/EditorSceneManager.cpp line 672]

Unable to allocate new scene culling mask
UnityEngine.StackTraceUtility:ExtractStackTrace ()
UnityEditor.SceneManagement.EditorSceneManager:NewPreviewScene (bool)
UnityEditor.SceneManagement.EditorSceneManager:NewPreviewScene ()
UnityEditor.PreviewScene:.ctor (string)
UnityEditor.PreviewRenderUtility:.ctor ()
UnityEditor.Texture3DPreview:InitPreviewUtility ()
UnityEditor.Texture3DPreview:OnEnable ()

[C:\buildslave\unity\build\Editor/Src/SceneManager/EditorSceneManager.cpp line 672]

Unable to allocate new scene culling mask
UnityEngine.StackTraceUtility:ExtractStackTrace ()
UnityEditor.SceneManagement.EditorSceneManager:NewPreviewScene (bool)
UnityEditor.SceneManagement.EditorSceneManager:NewPreviewScene ()
UnityEditor.PreviewScene:.ctor (string)
UnityEditor.PreviewRenderUtility:.ctor ()
UnityEditor.Texture3DPreview:InitPreviewUtility ()
UnityEditor.Texture3DPreview:OnEnable ()

[C:\buildslave\unity\build\Editor/Src/SceneManager/EditorSceneManager.cpp line 672]

Unable to allocate new scene culling mask
UnityEngine.StackTraceUtility:ExtractStackTrace ()
UnityEditor.SceneManagement.EditorSceneManager:NewPreviewScene (bool)
UnityEditor.SceneManagement.EditorSceneManager:NewPreviewScene ()
UnityEditor.PreviewScene:.ctor (string)
UnityEditor.PreviewRenderUtility:.ctor ()
UnityEditor.Texture3DPreview:InitPreviewUtility ()
UnityEditor.Texture3DPreview:OnEnable ()

[C:\buildslave\unity\build\Editor/Src/SceneManager/EditorSceneManager.cpp line 672]

Mono: successfully reloaded assembly
- Completed reload, in  1.689 seconds
Platform modules already initialized, skipping
Refreshing native plugins compatible for Editor in 0.62 ms, found 2 plugins.
Preloading 0 native plugins for Editor in 0.00 ms.
Unloading 3523 Unused Serialized files (Serialized files now loaded: 0)
System memory in use before: 165.2 MB.
System memory in use after: 165.3 MB.

Unloading 18 unused Assets to reduce memory usage. Loaded Objects now: 5031.
Total: 2.792300 ms (FindLiveObjects: 0.430100 ms CreateObjectMapping: 0.218800 ms MarkObjects: 2.059900 ms  DeleteObjects: 0.082800 ms)

========================================================================
Received Import Request.
  Time since last request: 123.860748 seconds.
  path: Assets/TextController.cs
  artifactKey: Guid(efacb7b8ef849c742b0c3c6b880ca960) Importer(815301076,1909f56bfc062723c751e8b465ee728b)
Start importing Assets/TextController.cs using Guid(efacb7b8ef849c742b0c3c6b880ca960) Importer(815301076,1909f56bfc062723c751e8b465ee728b)  -> (artifact id: 'e97383b78c5715594726fc7e9f0b6a8e') in 0.049509 seconds 
========================================================================
Received Prepare
Registering precompiled user dll's ...
Registered in 0.013744 seconds.
Begin MonoManager ReloadAssembly
Native extension for WindowsStandalone target not found
Refreshing native plugins compatible for Editor in 0.65 ms, found 2 plugins.
Preloading 0 native plugins for Editor in 0.00 ms.
Unable to allocate new scene culling mask
UnityEngine.StackTraceUtility:ExtractStackTrace ()
UnityEditor.SceneManagement.EditorSceneManager:NewPreviewScene (bool)
UnityEditor.SceneManagement.EditorSceneManager:NewPreviewScene ()
UnityEditor.PreviewScene:.ctor (string)
UnityEditor.PreviewRenderUtility:.ctor ()
UnityEditor.Texture3DPreview:InitPreviewUtility ()
UnityEditor.Texture3DPreview:OnEnable ()

[C:\buildslave\unity\build\Editor/Src/SceneManager/EditorSceneManager.cpp line 672]

Unable to allocate new scene culling mask
UnityEngine.StackTraceUtility:ExtractStackTrace ()
UnityEditor.SceneManagement.EditorSceneManager:NewPreviewScene (bool)
UnityEditor.SceneManagement.EditorSceneManager:NewPreviewScene ()
UnityEditor.PreviewScene:.ctor (string)
UnityEditor.PreviewRenderUtility:.ctor ()
UnityEditor.Texture3DPreview:InitPreviewUtility ()
UnityEditor.Texture3DPreview:OnEnable ()

[C:\buildslave\unity\build\Editor/Src/SceneManager/EditorSceneManager.cpp line 672]

Unable to allocate new scene culling mask
UnityEngine.StackTraceUtility:ExtractStackTrace ()
UnityEditor.SceneManagement.EditorSceneManager:NewPreviewScene (bool)
UnityEditor.SceneManagement.EditorSceneManager:NewPreviewScene ()
UnityEditor.PreviewScene:.ctor (string)
UnityEditor.PreviewRenderUtility:.ctor ()
UnityEditor.Texture3DPreview:InitPreviewUtility ()
UnityEditor.Texture3DPreview:OnEnable ()

[C:\buildslave\unity\build\Editor/Src/SceneManager/EditorSceneManager.cpp line 672]

Unable to allocate new scene culling mask
UnityEngine.StackTraceUtility:ExtractStackTrace ()
UnityEditor.SceneManagement.EditorSceneManager:NewPreviewScene (bool)
UnityEditor.SceneManagement.EditorSceneManager:NewPreviewScene ()
UnityEditor.PreviewScene:.ctor (string)
UnityEditor.PreviewRenderUtility:.ctor ()
UnityEditor.Texture3DPreview:InitPreviewUtility ()
UnityEditor.Texture3DPreview:OnEnable ()

[C:\buildslave\unity\build\Editor/Src/SceneManager/EditorSceneManager.cpp line 672]

Unable to allocate new scene culling mask
UnityEngine.StackTraceUtility:ExtractStackTrace ()
UnityEditor.SceneManagement.EditorSceneManager:NewPreviewScene (bool)
UnityEditor.SceneManagement.EditorSceneManager:NewPreviewScene ()
UnityEditor.PreviewScene:.ctor (string)
UnityEditor.PreviewRenderUtility:.ctor ()
UnityEditor.Texture3DPreview:InitPreviewUtility ()
UnityEditor.Texture3DPreview:OnEnable ()

[C:\buildslave\unity\build\Editor/Src/SceneManager/EditorSceneManager.cpp line 672]

Unable to allocate new scene culling mask
UnityEngine.StackTraceUtility:ExtractStackTrace ()
UnityEditor.SceneManagement.EditorSceneManager:NewPreviewScene (bool)
UnityEditor.SceneManagement.EditorSceneManager:NewPreviewScene ()
UnityEditor.PreviewScene:.ctor (string)
UnityEditor.PreviewRenderUtility:.ctor ()
UnityEditor.Texture3DPreview:InitPreviewUtility ()
UnityEditor.Texture3DPreview:OnEnable ()

[C:\buildslave\unity\build\Editor/Src/SceneManager/EditorSceneManager.cpp line 672]

Unable to allocate new scene culling mask
UnityEngine.StackTraceUtility:ExtractStackTrace ()
UnityEditor.SceneManagement.EditorSceneManager:NewPreviewScene (bool)
UnityEditor.SceneManagement.EditorSceneManager:NewPreviewScene ()
UnityEditor.PreviewScene:.ctor (string)
UnityEditor.PreviewRenderUtility:.ctor ()
UnityEditor.Texture3DPreview:InitPreviewUtility ()
UnityEditor.Texture3DPreview:OnEnable ()

[C:\buildslave\unity\build\Editor/Src/SceneManager/EditorSceneManager.cpp line 672]

Mono: successfully reloaded assembly
- Completed reload, in  1.570 seconds
Platform modules already initialized, skipping
Refreshing native plugins compatible for Editor in 0.60 ms, found 2 plugins.
Preloading 0 native plugins for Editor in 0.00 ms.
Unloading 3522 Unused Serialized files (Serialized files now loaded: 0)
System memory in use before: 165.3 MB.
System memory in use after: 165.5 MB.

Unloading 19 unused Assets to reduce memory usage. Loaded Objects now: 5034.
Total: 3.574000 ms (FindLiveObjects: 0.372700 ms CreateObjectMapping: 0.176400 ms MarkObjects: 2.927200 ms  DeleteObjects: 0.096400 ms)

========================================================================
Received Import Request.
  Time since last request: 164.423910 seconds.
  path: Assets/Scripts/DiaTrigger.cs
  artifactKey: Guid(5bb9263420012614fbf3eb6cfa4887ee) Importer(815301076,1909f56bfc062723c751e8b465ee728b)
Start importing Assets/Scripts/DiaTrigger.cs using Guid(5bb9263420012614fbf3eb6cfa4887ee) Importer(815301076,1909f56bfc062723c751e8b465ee728b)  -> (artifact id: '0943c158edabf072154f38ec53445a39') in 0.056562 seconds 
========================================================================
Received Prepare
Registering precompiled user dll's ...
Registered in 0.014044 seconds.
Begin MonoManager ReloadAssembly
Native extension for WindowsStandalone target not found
Refreshing native plugins compatible for Editor in 0.60 ms, found 2 plugins.
Preloading 0 native plugins for Editor in 0.00 ms.
Unable to allocate new scene culling mask
UnityEngine.StackTraceUtility:ExtractStackTrace ()
UnityEditor.SceneManagement.EditorSceneManager:NewPreviewScene (bool)
UnityEditor.SceneManagement.EditorSceneManager:NewPreviewScene ()
UnityEditor.PreviewScene:.ctor (string)
UnityEditor.PreviewRenderUtility:.ctor ()
UnityEditor.Texture3DPreview:InitPreviewUtility ()
UnityEditor.Texture3DPreview:OnEnable ()

[C:\buildslave\unity\build\Editor/Src/SceneManager/EditorSceneManager.cpp line 672]

Unable to allocate new scene culling mask
UnityEngine.StackTraceUtility:ExtractStackTrace ()
UnityEditor.SceneManagement.EditorSceneManager:NewPreviewScene (bool)
UnityEditor.SceneManagement.EditorSceneManager:NewPreviewScene ()
UnityEditor.PreviewScene:.ctor (string)
UnityEditor.PreviewRenderUtility:.ctor ()
UnityEditor.Texture3DPreview:InitPreviewUtility ()
UnityEditor.Texture3DPreview:OnEnable ()

[C:\buildslave\unity\build\Editor/Src/SceneManager/EditorSceneManager.cpp line 672]

Unable to allocate new scene culling mask
UnityEngine.StackTraceUtility:ExtractStackTrace ()
UnityEditor.SceneManagement.EditorSceneManager:NewPreviewScene (bool)
UnityEditor.SceneManagement.EditorSceneManager:NewPreviewScene ()
UnityEditor.PreviewScene:.ctor (string)
UnityEditor.PreviewRenderUtility:.ctor ()
UnityEditor.Texture3DPreview:InitPreviewUtility ()
UnityEditor.Texture3DPreview:OnEnable ()

[C:\buildslave\unity\build\Editor/Src/SceneManager/EditorSceneManager.cpp line 672]

Unable to allocate new scene culling mask
UnityEngine.StackTraceUtility:ExtractStackTrace ()
UnityEditor.SceneManagement.EditorSceneManager:NewPreviewScene (bool)
UnityEditor.SceneManagement.EditorSceneManager:NewPreviewScene ()
UnityEditor.PreviewScene:.ctor (string)
UnityEditor.PreviewRenderUtility:.ctor ()
UnityEditor.Texture3DPreview:InitPreviewUtility ()
UnityEditor.Texture3DPreview:OnEnable ()

[C:\buildslave\unity\build\Editor/Src/SceneManager/EditorSceneManager.cpp line 672]

Unable to allocate new scene culling mask
UnityEngine.StackTraceUtility:ExtractStackTrace ()
UnityEditor.SceneManagement.EditorSceneManager:NewPreviewScene (bool)
UnityEditor.SceneManagement.EditorSceneManager:NewPreviewScene ()
UnityEditor.PreviewScene:.ctor (string)
UnityEditor.PreviewRenderUtility:.ctor ()
UnityEditor.Texture3DPreview:InitPreviewUtility ()
UnityEditor.Texture3DPreview:OnEnable ()

[C:\buildslave\unity\build\Editor/Src/SceneManager/EditorSceneManager.cpp line 672]

Unable to allocate new scene culling mask
UnityEngine.StackTraceUtility:ExtractStackTrace ()
UnityEditor.SceneManagement.EditorSceneManager:NewPreviewScene (bool)
UnityEditor.SceneManagement.EditorSceneManager:NewPreviewScene ()
UnityEditor.PreviewScene:.ctor (string)
UnityEditor.PreviewRenderUtility:.ctor ()
UnityEditor.Texture3DPreview:InitPreviewUtility ()
UnityEditor.Texture3DPreview:OnEnable ()

[C:\buildslave\unity\build\Editor/Src/SceneManager/EditorSceneManager.cpp line 672]

Unable to allocate new scene culling mask
UnityEngine.StackTraceUtility:ExtractStackTrace ()
UnityEditor.SceneManagement.EditorSceneManager:NewPreviewScene (bool)
UnityEditor.SceneManagement.EditorSceneManager:NewPreviewScene ()
UnityEditor.PreviewScene:.ctor (string)
UnityEditor.PreviewRenderUtility:.ctor ()
UnityEditor.Texture3DPreview:InitPreviewUtility ()
UnityEditor.Texture3DPreview:OnEnable ()

[C:\buildslave\unity\build\Editor/Src/SceneManager/EditorSceneManager.cpp line 672]

Mono: successfully reloaded assembly
- Completed reload, in  1.267 seconds
Platform modules already initialized, skipping
Refreshing native plugins compatible for Editor in 0.76 ms, found 2 plugins.
Preloading 0 native plugins for Editor in 0.00 ms.
Unloading 3523 Unused Serialized files (Serialized files now loaded: 0)
System memory in use before: 165.4 MB.
System memory in use after: 165.5 MB.

Unloading 18 unused Assets to reduce memory usage. Loaded Objects now: 5039.
Total: 2.779100 ms (FindLiveObjects: 0.361700 ms CreateObjectMapping: 0.180100 ms MarkObjects: 2.147700 ms  DeleteObjects: 0.088900 ms)

========================================================================
Received Prepare
Registering precompiled user dll's ...
Registered in 0.047704 seconds.
Begin MonoManager ReloadAssembly
Native extension for WindowsStandalone target not found
Refreshing native plugins compatible for Editor in 0.62 ms, found 2 plugins.
Preloading 0 native plugins for Editor in 0.00 ms.
Unable to allocate new scene culling mask
UnityEngine.StackTraceUtility:ExtractStackTrace ()
UnityEditor.SceneManagement.EditorSceneManager:NewPreviewScene (bool)
UnityEditor.SceneManagement.EditorSceneManager:NewPreviewScene ()
UnityEditor.PreviewScene:.ctor (string)
UnityEditor.PreviewRenderUtility:.ctor ()
UnityEditor.Texture3DPreview:InitPreviewUtility ()
UnityEditor.Texture3DPreview:OnEnable ()

[C:\buildslave\unity\build\Editor/Src/SceneManager/EditorSceneManager.cpp line 672]

Unable to allocate new scene culling mask
UnityEngine.StackTraceUtility:ExtractStackTrace ()
UnityEditor.SceneManagement.EditorSceneManager:NewPreviewScene (bool)
UnityEditor.SceneManagement.EditorSceneManager:NewPreviewScene ()
UnityEditor.PreviewScene:.ctor (string)
UnityEditor.PreviewRenderUtility:.ctor ()
UnityEditor.Texture3DPreview:InitPreviewUtility ()
UnityEditor.Texture3DPreview:OnEnable ()

[C:\buildslave\unity\build\Editor/Src/SceneManager/EditorSceneManager.cpp line 672]

Unable to allocate new scene culling mask
UnityEngine.StackTraceUtility:ExtractStackTrace ()
UnityEditor.SceneManagement.EditorSceneManager:NewPreviewScene (bool)
UnityEditor.SceneManagement.EditorSceneManager:NewPreviewScene ()
UnityEditor.PreviewScene:.ctor (string)
UnityEditor.PreviewRenderUtility:.ctor ()
UnityEditor.Texture3DPreview:InitPreviewUtility ()
UnityEditor.Texture3DPreview:OnEnable ()

[C:\buildslave\unity\build\Editor/Src/SceneManager/EditorSceneManager.cpp line 672]

Unable to allocate new scene culling mask
UnityEngine.StackTraceUtility:ExtractStackTrace ()
UnityEditor.SceneManagement.EditorSceneManager:NewPreviewScene (bool)
UnityEditor.SceneManagement.EditorSceneManager:NewPreviewScene ()
UnityEditor.PreviewScene:.ctor (string)
UnityEditor.PreviewRenderUtility:.ctor ()
UnityEditor.Texture3DPreview:InitPreviewUtility ()
UnityEditor.Texture3DPreview:OnEnable ()

[C:\buildslave\unity\build\Editor/Src/SceneManager/EditorSceneManager.cpp line 672]

Unable to allocate new scene culling mask
UnityEngine.StackTraceUtility:ExtractStackTrace ()
UnityEditor.SceneManagement.EditorSceneManager:NewPreviewScene (bool)
UnityEditor.SceneManagement.EditorSceneManager:NewPreviewScene ()
UnityEditor.PreviewScene:.ctor (string)
UnityEditor.PreviewRenderUtility:.ctor ()
UnityEditor.Texture3DPreview:InitPreviewUtility ()
UnityEditor.Texture3DPreview:OnEnable ()

[C:\buildslave\unity\build\Editor/Src/SceneManager/EditorSceneManager.cpp line 672]

Unable to allocate new scene culling mask
UnityEngine.StackTraceUtility:ExtractStackTrace ()
UnityEditor.SceneManagement.EditorSceneManager:NewPreviewScene (bool)
UnityEditor.SceneManagement.EditorSceneManager:NewPreviewScene ()
UnityEditor.PreviewScene:.ctor (string)
UnityEditor.PreviewRenderUtility:.ctor ()
UnityEditor.Texture3DPreview:InitPreviewUtility ()
UnityEditor.Texture3DPreview:OnEnable ()

[C:\buildslave\unity\build\Editor/Src/SceneManager/EditorSceneManager.cpp line 672]

Unable to allocate new scene culling mask
UnityEngine.StackTraceUtility:ExtractStackTrace ()
UnityEditor.SceneManagement.EditorSceneManager:NewPreviewScene (bool)
UnityEditor.SceneManagement.EditorSceneManager:NewPreviewScene ()
UnityEditor.PreviewScene:.ctor (string)
UnityEditor.PreviewRenderUtility:.ctor ()
UnityEditor.Texture3DPreview:InitPreviewUtility ()
UnityEditor.Texture3DPreview:OnEnable ()

[C:\buildslave\unity\build\Editor/Src/SceneManager/EditorSceneManager.cpp line 672]

Mono: successfully reloaded assembly
- Completed reload, in  1.417 seconds
Platform modules already initialized, skipping
Refreshing native plugins compatible for Editor in 0.60 ms, found 2 plugins.
Preloading 0 native plugins for Editor in 0.00 ms.
Unloading 3523 Unused Serialized files (Serialized files now loaded: 0)
System memory in use before: 165.4 MB.
System memory in use after: 165.5 MB.

Unloading 18 unused Assets to reduce memory usage. Loaded Objects now: 5043.
Total: 3.020400 ms (FindLiveObjects: 0.386000 ms CreateObjectMapping: 0.201600 ms MarkObjects: 2.336400 ms  DeleteObjects: 0.095600 ms)

========================================================================
Received Prepare
Registering precompiled user dll's ...
Registered in 0.018585 seconds.
Begin MonoManager ReloadAssembly
Native extension for WindowsStandalone target not found
Refreshing native plugins compatible for Editor in 0.61 ms, found 2 plugins.
Preloading 0 native plugins for Editor in 0.00 ms.
Unable to allocate new scene culling mask
UnityEngine.StackTraceUtility:ExtractStackTrace ()
UnityEditor.SceneManagement.EditorSceneManager:NewPreviewScene (bool)
UnityEditor.SceneManagement.EditorSceneManager:NewPreviewScene ()
UnityEditor.PreviewScene:.ctor (string)
UnityEditor.PreviewRenderUtility:.ctor ()
UnityEditor.Texture3DPreview:InitPreviewUtility ()
UnityEditor.Texture3DPreview:OnEnable ()

[C:\buildslave\unity\build\Editor/Src/SceneManager/EditorSceneManager.cpp line 672]

Unable to allocate new scene culling mask
UnityEngine.StackTraceUtility:ExtractStackTrace ()
UnityEditor.SceneManagement.EditorSceneManager:NewPreviewScene (bool)
UnityEditor.SceneManagement.EditorSceneManager:NewPreviewScene ()
UnityEditor.PreviewScene:.ctor (string)
UnityEditor.PreviewRenderUtility:.ctor ()
UnityEditor.Texture3DPreview:InitPreviewUtility ()
UnityEditor.Texture3DPreview:OnEnable ()

[C:\buildslave\unity\build\Editor/Src/SceneManager/EditorSceneManager.cpp line 672]

Unable to allocate new scene culling mask
UnityEngine.StackTraceUtility:ExtractStackTrace ()
UnityEditor.SceneManagement.EditorSceneManager:NewPreviewScene (bool)
UnityEditor.SceneManagement.EditorSceneManager:NewPreviewScene ()
UnityEditor.PreviewScene:.ctor (string)
UnityEditor.PreviewRenderUtility:.ctor ()
UnityEditor.Texture3DPreview:InitPreviewUtility ()
UnityEditor.Texture3DPreview:OnEnable ()

[C:\buildslave\unity\build\Editor/Src/SceneManager/EditorSceneManager.cpp line 672]

Unable to allocate new scene culling mask
UnityEngine.StackTraceUtility:ExtractStackTrace ()
UnityEditor.SceneManagement.EditorSceneManager:NewPreviewScene (bool)
UnityEditor.SceneManagement.EditorSceneManager:NewPreviewScene ()
UnityEditor.PreviewScene:.ctor (string)
UnityEditor.PreviewRenderUtility:.ctor ()
UnityEditor.Texture3DPreview:InitPreviewUtility ()
UnityEditor.Texture3DPreview:OnEnable ()

[C:\buildslave\unity\build\Editor/Src/SceneManager/EditorSceneManager.cpp line 672]

Unable to allocate new scene culling mask
UnityEngine.StackTraceUtility:ExtractStackTrace ()
UnityEditor.SceneManagement.EditorSceneManager:NewPreviewScene (bool)
UnityEditor.SceneManagement.EditorSceneManager:NewPreviewScene ()
UnityEditor.PreviewScene:.ctor (string)
UnityEditor.PreviewRenderUtility:.ctor ()
UnityEditor.Texture3DPreview:InitPreviewUtility ()
UnityEditor.Texture3DPreview:OnEnable ()

[C:\buildslave\unity\build\Editor/Src/SceneManager/EditorSceneManager.cpp line 672]

Unable to allocate new scene culling mask
UnityEngine.StackTraceUtility:ExtractStackTrace ()
UnityEditor.SceneManagement.EditorSceneManager:NewPreviewScene (bool)
UnityEditor.SceneManagement.EditorSceneManager:NewPreviewScene ()
UnityEditor.PreviewScene:.ctor (string)
UnityEditor.PreviewRenderUtility:.ctor ()
UnityEditor.Texture3DPreview:InitPreviewUtility ()
UnityEditor.Texture3DPreview:OnEnable ()

[C:\buildslave\unity\build\Editor/Src/SceneManager/EditorSceneManager.cpp line 672]

Unable to allocate new scene culling mask
UnityEngine.StackTraceUtility:ExtractStackTrace ()
UnityEditor.SceneManagement.EditorSceneManager:NewPreviewScene (bool)
UnityEditor.SceneManagement.EditorSceneManager:NewPreviewScene ()
UnityEditor.PreviewScene:.ctor (string)
UnityEditor.PreviewRenderUtility:.ctor ()
UnityEditor.Texture3DPreview:InitPreviewUtility ()
UnityEditor.Texture3DPreview:OnEnable ()

[C:\buildslave\unity\build\Editor/Src/SceneManager/EditorSceneManager.cpp line 672]

Mono: successfully reloaded assembly
- Completed reload, in  1.287 seconds
Platform modules already initialized, skipping
Refreshing native plugins compatible for Editor in 0.60 ms, found 2 plugins.
Preloading 0 native plugins for Editor in 0.00 ms.
Unloading 3523 Unused Serialized files (Serialized files now loaded: 0)
System memory in use before: 165.4 MB.
System memory in use after: 165.5 MB.

Unloading 18 unused Assets to reduce memory usage. Loaded Objects now: 5047.
Total: 3.548200 ms (FindLiveObjects: 0.629200 ms CreateObjectMapping: 0.370300 ms MarkObjects: 2.443200 ms  DeleteObjects: 0.104300 ms)

========================================================================
Received Prepare
Registering precompiled user dll's ...
Registered in 0.015170 seconds.
Begin MonoManager ReloadAssembly
Native extension for WindowsStandalone target not found
Refreshing native plugins compatible for Editor in 0.60 ms, found 2 plugins.
Preloading 0 native plugins for Editor in 0.00 ms.
Unable to allocate new scene culling mask
UnityEngine.StackTraceUtility:ExtractStackTrace ()
UnityEditor.SceneManagement.EditorSceneManager:NewPreviewScene (bool)
UnityEditor.SceneManagement.EditorSceneManager:NewPreviewScene ()
UnityEditor.PreviewScene:.ctor (string)
UnityEditor.PreviewRenderUtility:.ctor ()
UnityEditor.Texture3DPreview:InitPreviewUtility ()
UnityEditor.Texture3DPreview:OnEnable ()

[C:\buildslave\unity\build\Editor/Src/SceneManager/EditorSceneManager.cpp line 672]

Unable to allocate new scene culling mask
UnityEngine.StackTraceUtility:ExtractStackTrace ()
UnityEditor.SceneManagement.EditorSceneManager:NewPreviewScene (bool)
UnityEditor.SceneManagement.EditorSceneManager:NewPreviewScene ()
UnityEditor.PreviewScene:.ctor (string)
UnityEditor.PreviewRenderUtility:.ctor ()
UnityEditor.Texture3DPreview:InitPreviewUtility ()
UnityEditor.Texture3DPreview:OnEnable ()

[C:\buildslave\unity\build\Editor/Src/SceneManager/EditorSceneManager.cpp line 672]

Unable to allocate new scene culling mask
UnityEngine.StackTraceUtility:ExtractStackTrace ()
UnityEditor.SceneManagement.EditorSceneManager:NewPreviewScene (bool)
UnityEditor.SceneManagement.EditorSceneManager:NewPreviewScene ()
UnityEditor.PreviewScene:.ctor (string)
UnityEditor.PreviewRenderUtility:.ctor ()
UnityEditor.Texture3DPreview:InitPreviewUtility ()
UnityEditor.Texture3DPreview:OnEnable ()

[C:\buildslave\unity\build\Editor/Src/SceneManager/EditorSceneManager.cpp line 672]

Unable to allocate new scene culling mask
UnityEngine.StackTraceUtility:ExtractStackTrace ()
UnityEditor.SceneManagement.EditorSceneManager:NewPreviewScene (bool)
UnityEditor.SceneManagement.EditorSceneManager:NewPreviewScene ()
UnityEditor.PreviewScene:.ctor (string)
UnityEditor.PreviewRenderUtility:.ctor ()
UnityEditor.Texture3DPreview:InitPreviewUtility ()
UnityEditor.Texture3DPreview:OnEnable ()

[C:\buildslave\unity\build\Editor/Src/SceneManager/EditorSceneManager.cpp line 672]

Unable to allocate new scene culling mask
UnityEngine.StackTraceUtility:ExtractStackTrace ()
UnityEditor.SceneManagement.EditorSceneManager:NewPreviewScene (bool)
UnityEditor.SceneManagement.EditorSceneManager:NewPreviewScene ()
UnityEditor.PreviewScene:.ctor (string)
UnityEditor.PreviewRenderUtility:.ctor ()
UnityEditor.Texture3DPreview:InitPreviewUtility ()
UnityEditor.Texture3DPreview:OnEnable ()

[C:\buildslave\unity\build\Editor/Src/SceneManager/EditorSceneManager.cpp line 672]

Unable to allocate new scene culling mask
UnityEngine.StackTraceUtility:ExtractStackTrace ()
UnityEditor.SceneManagement.EditorSceneManager:NewPreviewScene (bool)
UnityEditor.SceneManagement.EditorSceneManager:NewPreviewScene ()
UnityEditor.PreviewScene:.ctor (string)
UnityEditor.PreviewRenderUtility:.ctor ()
UnityEditor.Texture3DPreview:InitPreviewUtility ()
UnityEditor.Texture3DPreview:OnEnable ()

[C:\buildslave\unity\build\Editor/Src/SceneManager/EditorSceneManager.cpp line 672]

Unable to allocate new scene culling mask
UnityEngine.StackTraceUtility:ExtractStackTrace ()
UnityEditor.SceneManagement.EditorSceneManager:NewPreviewScene (bool)
UnityEditor.SceneManagement.EditorSceneManager:NewPreviewScene ()
UnityEditor.PreviewScene:.ctor (string)
UnityEditor.PreviewRenderUtility:.ctor ()
UnityEditor.Texture3DPreview:InitPreviewUtility ()
UnityEditor.Texture3DPreview:OnEnable ()

[C:\buildslave\unity\build\Editor/Src/SceneManager/EditorSceneManager.cpp line 672]

Mono: successfully reloaded assembly
- Completed reload, in  1.288 seconds
Platform modules already initialized, skipping
Refreshing native plugins compatible for Editor in 0.62 ms, found 2 plugins.
Preloading 0 native plugins for Editor in 0.00 ms.
Unloading 3523 Unused Serialized files (Serialized files now loaded: 0)
System memory in use before: 165.4 MB.
System memory in use after: 165.6 MB.

Unloading 18 unused Assets to reduce memory usage. Loaded Objects now: 5051.
Total: 3.036400 ms (FindLiveObjects: 0.405800 ms CreateObjectMapping: 0.250200 ms MarkObjects: 2.281000 ms  DeleteObjects: 0.098000 ms)

AssetImportWorkerClient::OnTransportError - code=2 error=End of file
