Using pre-set license
Built from '2021.1/release' branch; Version is '2021.1.1f1 (6fdc41dfa55a) revision 7330881'; Using compiler version '192528614'; Build Type 'Release'
OS: 'Windows 10 Education; OS build 19041.867; Version 2004; 64bit' Language: 'en' Physical Memory: 16294 MB
BatchMode: 1, IsHumanControllingUs: 0, StartBugReporterOnCrash: 0, Is64bit: 1, IsPro: 0

 COMMAND LINE ARGUMENTS:
C:\Program Files\Unity\Hub\Editor\2021.1.1f1\Editor\Unity.exe
-adb2
-batchMode
-noUpm
-name
AssetImportWorker12
-projectPath
I:/Gaskins Griffin Y2/Repos/SpacePlatformer/New Unity Project
-logFile
Logs/AssetImportWorker12.log
-srvPort
52213
Successfully changed project path to: I:/Gaskins Griffin Y2/Repos/SpacePlatformer/New Unity Project
I:/Gaskins Griffin Y2/Repos/SpacePlatformer/New Unity Project
Using Asset Import Pipeline V2.
Refreshing native plugins compatible for Editor in 313.56 ms, found 2 plugins.
Preloading 0 native plugins for Editor in 0.00 ms.
Initialize engine version: 2021.1.1f1 (6fdc41dfa55a)
[Subsystems] Discovering subsystems at path C:/Program Files/Unity/Hub/Editor/2021.1.1f1/Editor/Data/Resources/UnitySubsystems
[Subsystems] Discovering subsystems at path I:/Gaskins Griffin Y2/Repos/SpacePlatformer/New Unity Project/Assets
GfxDevice: creating device client; threaded=0; jobified=0
Direct3D:
    Version:  Direct3D 11.0 [level 11.1]
    Renderer: NVIDIA GeForce GTX 1050 Ti (ID=0x1c82)
    Vendor:   NVIDIA
    VRAM:     4018 MB
    Driver:   27.21.14.6172
Initialize mono
Mono path[0] = 'C:/Program Files/Unity/Hub/Editor/2021.1.1f1/Editor/Data/Managed'
Mono path[1] = 'C:/Program Files/Unity/Hub/Editor/2021.1.1f1/Editor/Data/MonoBleedingEdge/lib/mono/unityjit'
Mono config path = 'C:/Program Files/Unity/Hub/Editor/2021.1.1f1/Editor/Data/MonoBleedingEdge/etc'
Using monoOptions --debugger-agent=transport=dt_socket,embedding=1,server=y,suspend=n,address=127.0.0.1:56876
Begin MonoManager ReloadAssembly
Registering precompiled unity dll's ...
Register platform support module: C:/Program Files/Unity/Hub/Editor/2021.1.1f1/Editor/Data/PlaybackEngines/WindowsStandaloneSupport/UnityEditor.WindowsStandalone.Extensions.dll
Registered in 0.001883 seconds.
Native extension for WindowsStandalone target not found
Refreshing native plugins compatible for Editor in 95.15 ms, found 2 plugins.
Preloading 0 native plugins for Editor in 0.00 ms.
Mono: successfully reloaded assembly
- Completed reload, in  1.255 seconds
Platform modules already initialized, skipping
Registering precompiled user dll's ...
Registered in 0.325989 seconds.
Begin MonoManager ReloadAssembly
Native extension for WindowsStandalone target not found
Refreshing native plugins compatible for Editor in 92.95 ms, found 2 plugins.
Preloading 0 native plugins for Editor in 0.00 ms.
Mono: successfully reloaded assembly
- Completed reload, in  1.556 seconds
Platform modules already initialized, skipping
========================================================================
Worker process is ready to serve import requests
Launched and connected shader compiler UnityShaderCompiler.exe after 0.04 seconds
Refreshing native plugins compatible for Editor in 0.68 ms, found 2 plugins.
Preloading 0 native plugins for Editor in 0.00 ms.
Unloading 3670 Unused Serialized files (Serialized files now loaded: 0)
System memory in use before: 144.1 MB.
System memory in use after: 144.1 MB.

Unloading 30 unused Assets to reduce memory usage. Loaded Objects now: 4124.
Total: 2.854100 ms (FindLiveObjects: 0.313900 ms CreateObjectMapping: 0.250300 ms MarkObjects: 2.172400 ms  DeleteObjects: 0.116700 ms)

========================================================================
Received Import Request.
  path: Assets/Prefabs/Player.prefab
  artifactKey: Guid(c25508e3510b679499aca8e6ba08d081) Importer(815301076,1909f56bfc062723c751e8b465ee728b)
Start importing Assets/Prefabs/Player.prefab using Guid(c25508e3510b679499aca8e6ba08d081) Importer(815301076,1909f56bfc062723c751e8b465ee728b)  -> (artifact id: '6b705893fd8b56d6dacd3b23288fb61e') in 0.211270 seconds 
========================================================================
Received Import Request.
  Time since last request: 0.000471 seconds.
  path: Assets/Prefabs/RespawnAnchors.prefab
  artifactKey: Guid(ccbe48eafb02c7540b95ce30ce3fd58c) Importer(815301076,1909f56bfc062723c751e8b465ee728b)
Start importing Assets/Prefabs/RespawnAnchors.prefab using Guid(ccbe48eafb02c7540b95ce30ce3fd58c) Importer(815301076,1909f56bfc062723c751e8b465ee728b)  -> (artifact id: '01c67d17c2578a43431243c1c4cd39da') in 0.057282 seconds 
========================================================================
Received Import Request.
  Time since last request: 0.000326 seconds.
  path: Assets/Prefabs/SceneTransition.prefab
  artifactKey: Guid(5861f7b4456f5f947ad77f84788c65a6) Importer(815301076,1909f56bfc062723c751e8b465ee728b)
Start importing Assets/Prefabs/SceneTransition.prefab using Guid(5861f7b4456f5f947ad77f84788c65a6) Importer(815301076,1909f56bfc062723c751e8b465ee728b)  -> (artifact id: '13274964f27c10aff167e3d471bacf9d') in 0.054995 seconds 
========================================================================
Received Import Request.
  Time since last request: 0.000425 seconds.
  path: Assets/Prefabs/RespawnAnchor.prefab
  artifactKey: Guid(417981dfd136ba34388d63ecccbd9709) Importer(815301076,1909f56bfc062723c751e8b465ee728b)
Start importing Assets/Prefabs/RespawnAnchor.prefab using Guid(417981dfd136ba34388d63ecccbd9709) Importer(815301076,1909f56bfc062723c751e8b465ee728b)  -> (artifact id: '39ffa020333c70b0ebd80cedc815f0a0') in 0.059109 seconds 
========================================================================
Received Prepare
Registering precompiled user dll's ...
Registered in 0.008374 seconds.
Begin MonoManager ReloadAssembly
Native extension for WindowsStandalone target not found
Refreshing native plugins compatible for Editor in 0.66 ms, found 2 plugins.
Preloading 0 native plugins for Editor in 0.00 ms.
Mono: successfully reloaded assembly
- Completed reload, in  1.493 seconds
Platform modules already initialized, skipping
Refreshing native plugins compatible for Editor in 0.65 ms, found 2 plugins.
Preloading 0 native plugins for Editor in 0.00 ms.
Unloading 3623 Unused Serialized files (Serialized files now loaded: 0)
System memory in use before: 144.1 MB.
System memory in use after: 144.2 MB.

Unloading 18 unused Assets to reduce memory usage. Loaded Objects now: 4135.
Total: 2.880600 ms (FindLiveObjects: 0.288900 ms CreateObjectMapping: 0.192700 ms MarkObjects: 2.311100 ms  DeleteObjects: 0.087200 ms)

========================================================================
Received Prepare
Registering precompiled user dll's ...
Registered in 0.007911 seconds.
Begin MonoManager ReloadAssembly
Native extension for WindowsStandalone target not found
Refreshing native plugins compatible for Editor in 0.67 ms, found 2 plugins.
Preloading 0 native plugins for Editor in 0.00 ms.
Mono: successfully reloaded assembly
- Completed reload, in  1.444 seconds
Platform modules already initialized, skipping
Refreshing native plugins compatible for Editor in 0.64 ms, found 2 plugins.
Preloading 0 native plugins for Editor in 0.00 ms.
Unloading 3623 Unused Serialized files (Serialized files now loaded: 0)
System memory in use before: 144.3 MB.
System memory in use after: 144.4 MB.

Unloading 18 unused Assets to reduce memory usage. Loaded Objects now: 4139.
Total: 2.612100 ms (FindLiveObjects: 0.279000 ms CreateObjectMapping: 0.177000 ms MarkObjects: 2.055300 ms  DeleteObjects: 0.099500 ms)

========================================================================
Received Prepare
Registering precompiled user dll's ...
Registered in 0.008136 seconds.
Begin MonoManager ReloadAssembly
Native extension for WindowsStandalone target not found
Refreshing native plugins compatible for Editor in 0.67 ms, found 2 plugins.
Preloading 0 native plugins for Editor in 0.00 ms.
Mono: successfully reloaded assembly
- Completed reload, in  2.381 seconds
Platform modules already initialized, skipping
Refreshing native plugins compatible for Editor in 0.65 ms, found 2 plugins.
Preloading 0 native plugins for Editor in 0.00 ms.
Unloading 3623 Unused Serialized files (Serialized files now loaded: 0)
System memory in use before: 144.3 MB.
System memory in use after: 144.4 MB.

Unloading 18 unused Assets to reduce memory usage. Loaded Objects now: 4143.
Total: 2.486100 ms (FindLiveObjects: 0.294200 ms CreateObjectMapping: 0.173200 ms MarkObjects: 1.928100 ms  DeleteObjects: 0.089600 ms)

========================================================================
Received Prepare
Registering precompiled user dll's ...
Registered in 0.036837 seconds.
Begin MonoManager ReloadAssembly
Native extension for WindowsStandalone target not found
Refreshing native plugins compatible for Editor in 0.81 ms, found 2 plugins.
Preloading 0 native plugins for Editor in 0.00 ms.
Mono: successfully reloaded assembly
- Completed reload, in  2.011 seconds
Platform modules already initialized, skipping
Refreshing native plugins compatible for Editor in 0.70 ms, found 2 plugins.
Preloading 0 native plugins for Editor in 0.00 ms.
Unloading 3623 Unused Serialized files (Serialized files now loaded: 0)
System memory in use before: 144.2 MB.
System memory in use after: 144.3 MB.

Unloading 18 unused Assets to reduce memory usage. Loaded Objects now: 4147.
Total: 3.193600 ms (FindLiveObjects: 0.313700 ms CreateObjectMapping: 0.188200 ms MarkObjects: 2.591400 ms  DeleteObjects: 0.099200 ms)

========================================================================
Received Import Request.
  Time since last request: 727.511033 seconds.
  path: Assets/Prefabs/Grid 1.prefab
  artifactKey: Guid(68180824a97fd8547ac41a67dad78a47) Importer(815301076,1909f56bfc062723c751e8b465ee728b)
Start importing Assets/Prefabs/Grid 1.prefab using Guid(68180824a97fd8547ac41a67dad78a47) Importer(815301076,1909f56bfc062723c751e8b465ee728b)  -> (artifact id: '009a252c5ca9e29f21990202e97eb391') in 0.060065 seconds 
========================================================================
Received Import Request.
  Time since last request: 32.405845 seconds.
  path: Assets/Prefabs/Grid.prefab
  artifactKey: Guid(68180824a97fd8547ac41a67dad78a47) Importer(815301076,1909f56bfc062723c751e8b465ee728b)
Start importing Assets/Prefabs/Grid.prefab using Guid(68180824a97fd8547ac41a67dad78a47) Importer(815301076,1909f56bfc062723c751e8b465ee728b)  -> (artifact id: 'cca44bb097999b9e50854fd3ca35076b') in 0.050913 seconds 
========================================================================
Received Prepare
Registering precompiled user dll's ...
Registered in 0.059621 seconds.
Begin MonoManager ReloadAssembly
Native extension for WindowsStandalone target not found
Refreshing native plugins compatible for Editor in 0.77 ms, found 2 plugins.
Preloading 0 native plugins for Editor in 0.00 ms.
Mono: successfully reloaded assembly
- Completed reload, in  1.648 seconds
Platform modules already initialized, skipping
Refreshing native plugins compatible for Editor in 0.71 ms, found 2 plugins.
Preloading 0 native plugins for Editor in 0.00 ms.
Unloading 3623 Unused Serialized files (Serialized files now loaded: 0)
System memory in use before: 144.2 MB.
System memory in use after: 144.3 MB.

Unloading 18 unused Assets to reduce memory usage. Loaded Objects now: 4151.
Total: 2.898000 ms (FindLiveObjects: 0.287000 ms CreateObjectMapping: 0.176800 ms MarkObjects: 2.283600 ms  DeleteObjects: 0.149400 ms)

========================================================================
Received Prepare
Registering precompiled user dll's ...
Registered in 0.037444 seconds.
Begin MonoManager ReloadAssembly
Native extension for WindowsStandalone target not found
Refreshing native plugins compatible for Editor in 0.76 ms, found 2 plugins.
Preloading 0 native plugins for Editor in 0.00 ms.
Mono: successfully reloaded assembly
- Completed reload, in  1.408 seconds
Platform modules already initialized, skipping
Refreshing native plugins compatible for Editor in 0.74 ms, found 2 plugins.
Preloading 0 native plugins for Editor in 0.00 ms.
Unloading 3623 Unused Serialized files (Serialized files now loaded: 0)
System memory in use before: 144.3 MB.
System memory in use after: 144.4 MB.

Unloading 18 unused Assets to reduce memory usage. Loaded Objects now: 4155.
Total: 2.584000 ms (FindLiveObjects: 0.290000 ms CreateObjectMapping: 0.203800 ms MarkObjects: 1.989300 ms  DeleteObjects: 0.100100 ms)

========================================================================
Received Prepare
Registering precompiled user dll's ...
Registered in 0.037820 seconds.
Begin MonoManager ReloadAssembly
Native extension for WindowsStandalone target not found
Refreshing native plugins compatible for Editor in 0.81 ms, found 2 plugins.
Preloading 0 native plugins for Editor in 0.00 ms.
Mono: successfully reloaded assembly
- Completed reload, in  1.681 seconds
Platform modules already initialized, skipping
Refreshing native plugins compatible for Editor in 0.70 ms, found 2 plugins.
Preloading 0 native plugins for Editor in 0.00 ms.
Unloading 3623 Unused Serialized files (Serialized files now loaded: 0)
System memory in use before: 144.3 MB.
System memory in use after: 144.4 MB.

Unloading 18 unused Assets to reduce memory usage. Loaded Objects now: 4159.
Total: 3.103700 ms (FindLiveObjects: 0.432600 ms CreateObjectMapping: 0.307100 ms MarkObjects: 2.247700 ms  DeleteObjects: 0.115100 ms)

========================================================================
Received Prepare
Registering precompiled user dll's ...
Registered in 0.055633 seconds.
Begin MonoManager ReloadAssembly
Native extension for WindowsStandalone target not found
Refreshing native plugins compatible for Editor in 0.67 ms, found 2 plugins.
Preloading 0 native plugins for Editor in 0.00 ms.
Mono: successfully reloaded assembly
- Completed reload, in  1.400 seconds
Platform modules already initialized, skipping
Refreshing native plugins compatible for Editor in 0.66 ms, found 2 plugins.
Preloading 0 native plugins for Editor in 0.00 ms.
Unloading 3623 Unused Serialized files (Serialized files now loaded: 0)
System memory in use before: 144.2 MB.
System memory in use after: 144.3 MB.

Unloading 18 unused Assets to reduce memory usage. Loaded Objects now: 4163.
Total: 2.386600 ms (FindLiveObjects: 0.276200 ms CreateObjectMapping: 0.174800 ms MarkObjects: 1.844300 ms  DeleteObjects: 0.090200 ms)

========================================================================
Received Prepare
Registering precompiled user dll's ...
Registered in 0.032499 seconds.
Begin MonoManager ReloadAssembly
Native extension for WindowsStandalone target not found
Refreshing native plugins compatible for Editor in 0.65 ms, found 2 plugins.
Preloading 0 native plugins for Editor in 0.00 ms.
Mono: successfully reloaded assembly
- Completed reload, in  1.409 seconds
Platform modules already initialized, skipping
Refreshing native plugins compatible for Editor in 0.65 ms, found 2 plugins.
Preloading 0 native plugins for Editor in 0.00 ms.
Unloading 3623 Unused Serialized files (Serialized files now loaded: 0)
System memory in use before: 144.3 MB.
System memory in use after: 144.5 MB.

Unloading 18 unused Assets to reduce memory usage. Loaded Objects now: 4167.
Total: 2.455200 ms (FindLiveObjects: 0.259100 ms CreateObjectMapping: 0.165500 ms MarkObjects: 1.932800 ms  DeleteObjects: 0.096900 ms)

========================================================================
Received Import Request.
  Time since last request: 1056.738989 seconds.
  path: Assets/Scenes/Lvl2.unity
  artifactKey: Guid(eb7d364821347654bba198eab14b89b5) Importer(815301076,1909f56bfc062723c751e8b465ee728b)
Start importing Assets/Scenes/Lvl2.unity using Guid(eb7d364821347654bba198eab14b89b5) Importer(815301076,1909f56bfc062723c751e8b465ee728b)  -> (artifact id: '0002316bc73ebc03653ff12b0cd92206') in 0.056720 seconds 
========================================================================
Received Prepare
Registering precompiled user dll's ...
Registered in 0.036724 seconds.
Begin MonoManager ReloadAssembly
Native extension for WindowsStandalone target not found
Refreshing native plugins compatible for Editor in 0.85 ms, found 2 plugins.
Preloading 0 native plugins for Editor in 0.00 ms.
Mono: successfully reloaded assembly
- Completed reload, in  1.391 seconds
Platform modules already initialized, skipping
Refreshing native plugins compatible for Editor in 0.67 ms, found 2 plugins.
Preloading 0 native plugins for Editor in 0.00 ms.
Unloading 3623 Unused Serialized files (Serialized files now loaded: 0)
System memory in use before: 144.4 MB.
System memory in use after: 144.5 MB.

Unloading 18 unused Assets to reduce memory usage. Loaded Objects now: 4171.
Total: 2.495900 ms (FindLiveObjects: 0.295400 ms CreateObjectMapping: 0.195700 ms MarkObjects: 1.911200 ms  DeleteObjects: 0.092800 ms)

========================================================================
Received Import Request.
  Time since last request: 176.349584 seconds.
  path: Assets/Prefabs/RespawnAnchor.prefab
  artifactKey: Guid(417981dfd136ba34388d63ecccbd9709) Importer(815301076,1909f56bfc062723c751e8b465ee728b)
Start importing Assets/Prefabs/RespawnAnchor.prefab using Guid(417981dfd136ba34388d63ecccbd9709) Importer(815301076,1909f56bfc062723c751e8b465ee728b)  -> (artifact id: 'fb99fc63ee9caffc5cfe08162a9df4ab') in 0.068960 seconds 
========================================================================
Received Import Request.
  Time since last request: 4.959223 seconds.
  path: Assets/Prefabs/RespawnAnchor.prefab
  artifactKey: Guid(417981dfd136ba34388d63ecccbd9709) Importer(815301076,1909f56bfc062723c751e8b465ee728b)
Start importing Assets/Prefabs/RespawnAnchor.prefab using Guid(417981dfd136ba34388d63ecccbd9709) Importer(815301076,1909f56bfc062723c751e8b465ee728b)  -> (artifact id: '15819c1795d11a4adf1210ebc53b72ac') in 0.053676 seconds 
========================================================================
Received Import Request.
  Time since last request: 5.038223 seconds.
  path: Assets/Prefabs/RespawnAnchor.prefab
  artifactKey: Guid(417981dfd136ba34388d63ecccbd9709) Importer(815301076,1909f56bfc062723c751e8b465ee728b)
Start importing Assets/Prefabs/RespawnAnchor.prefab using Guid(417981dfd136ba34388d63ecccbd9709) Importer(815301076,1909f56bfc062723c751e8b465ee728b)  -> (artifact id: '75811fe48569970c3853c91045a14759') in 0.047467 seconds 
========================================================================
Received Import Request.
  Time since last request: 7.097889 seconds.
  path: Assets/Prefabs/RespawnAnchor.prefab
  artifactKey: Guid(417981dfd136ba34388d63ecccbd9709) Importer(815301076,1909f56bfc062723c751e8b465ee728b)
Start importing Assets/Prefabs/RespawnAnchor.prefab using Guid(417981dfd136ba34388d63ecccbd9709) Importer(815301076,1909f56bfc062723c751e8b465ee728b)  -> (artifact id: 'e1a2068003e30f94321cecca34e0c590') in 0.063136 seconds 
========================================================================
Received Import Request.
  Time since last request: 6.063406 seconds.
  path: Assets/Prefabs/RespawnAnchor.prefab
  artifactKey: Guid(417981dfd136ba34388d63ecccbd9709) Importer(815301076,1909f56bfc062723c751e8b465ee728b)
Start importing Assets/Prefabs/RespawnAnchor.prefab using Guid(417981dfd136ba34388d63ecccbd9709) Importer(815301076,1909f56bfc062723c751e8b465ee728b)  -> (artifact id: '801964209d5ec947a15f0986086b0c7a') in 0.049750 seconds 
========================================================================
Received Import Request.
  Time since last request: 1.963394 seconds.
  path: Assets/Prefabs/RespawnAnchor.prefab
  artifactKey: Guid(417981dfd136ba34388d63ecccbd9709) Importer(815301076,1909f56bfc062723c751e8b465ee728b)
Start importing Assets/Prefabs/RespawnAnchor.prefab using Guid(417981dfd136ba34388d63ecccbd9709) Importer(815301076,1909f56bfc062723c751e8b465ee728b)  -> (artifact id: '6ad49462ce62c68a0e87447f69632544') in 0.053925 seconds 
========================================================================
Received Import Request.
  Time since last request: 4.164505 seconds.
  path: Assets/Prefabs/RespawnAnchor.prefab
  artifactKey: Guid(417981dfd136ba34388d63ecccbd9709) Importer(815301076,1909f56bfc062723c751e8b465ee728b)
Start importing Assets/Prefabs/RespawnAnchor.prefab using Guid(417981dfd136ba34388d63ecccbd9709) Importer(815301076,1909f56bfc062723c751e8b465ee728b)  -> (artifact id: '9936b2926d78128c222dbea1671a7e19') in 0.058937 seconds 
========================================================================
Received Import Request.
  Time since last request: 2.908660 seconds.
  path: Assets/Prefabs/RespawnAnchor.prefab
  artifactKey: Guid(417981dfd136ba34388d63ecccbd9709) Importer(815301076,1909f56bfc062723c751e8b465ee728b)
Start importing Assets/Prefabs/RespawnAnchor.prefab using Guid(417981dfd136ba34388d63ecccbd9709) Importer(815301076,1909f56bfc062723c751e8b465ee728b)  -> (artifact id: '97e9ff49b9b73ecc94a501bbc64787f9') in 0.046858 seconds 
========================================================================
Received Import Request.
  Time since last request: 7.848799 seconds.
  path: Assets/Prefabs/RespawnAnchor.prefab
  artifactKey: Guid(417981dfd136ba34388d63ecccbd9709) Importer(815301076,1909f56bfc062723c751e8b465ee728b)
Start importing Assets/Prefabs/RespawnAnchor.prefab using Guid(417981dfd136ba34388d63ecccbd9709) Importer(815301076,1909f56bfc062723c751e8b465ee728b)  -> (artifact id: 'c741ad5b1e3366fbd0df8264239bb608') in 0.049670 seconds 
========================================================================
Received Import Request.
  Time since last request: 4.793750 seconds.
  path: Assets/Prefabs/RespawnAnchor.prefab
  artifactKey: Guid(417981dfd136ba34388d63ecccbd9709) Importer(815301076,1909f56bfc062723c751e8b465ee728b)
Start importing Assets/Prefabs/RespawnAnchor.prefab using Guid(417981dfd136ba34388d63ecccbd9709) Importer(815301076,1909f56bfc062723c751e8b465ee728b)  -> (artifact id: 'cd39d2c4e23345f164db27a533c13a3b') in 0.054665 seconds 
========================================================================
Received Import Request.
  Time since last request: 5.497721 seconds.
  path: Assets/Prefabs/RespawnAnchor.prefab
  artifactKey: Guid(417981dfd136ba34388d63ecccbd9709) Importer(815301076,1909f56bfc062723c751e8b465ee728b)
Start importing Assets/Prefabs/RespawnAnchor.prefab using Guid(417981dfd136ba34388d63ecccbd9709) Importer(815301076,1909f56bfc062723c751e8b465ee728b)  -> (artifact id: 'e3d20a91125c8f0c9687502d57364927') in 0.052214 seconds 
========================================================================
Received Import Request.
  Time since last request: 3.030343 seconds.
  path: Assets/Prefabs/RespawnAnchor.prefab
  artifactKey: Guid(417981dfd136ba34388d63ecccbd9709) Importer(815301076,1909f56bfc062723c751e8b465ee728b)
Start importing Assets/Prefabs/RespawnAnchor.prefab using Guid(417981dfd136ba34388d63ecccbd9709) Importer(815301076,1909f56bfc062723c751e8b465ee728b)  -> (artifact id: '7dea2f5bea0632cc420ead96037b4b10') in 0.043533 seconds 
========================================================================
Received Import Request.
  Time since last request: 38.015531 seconds.
  path: Assets/Prefabs/RespawnAnchors.prefab
  artifactKey: Guid(ccbe48eafb02c7540b95ce30ce3fd58c) Importer(815301076,1909f56bfc062723c751e8b465ee728b)
Start importing Assets/Prefabs/RespawnAnchors.prefab using Guid(ccbe48eafb02c7540b95ce30ce3fd58c) Importer(815301076,1909f56bfc062723c751e8b465ee728b)  -> (artifact id: '00532d19701b6c2f709ccd3924c47b3e') in 0.041934 seconds 
========================================================================
Received Import Request.
  Time since last request: 3.164577 seconds.
  path: Assets/Prefabs/RespawnAnchors.prefab
  artifactKey: Guid(ccbe48eafb02c7540b95ce30ce3fd58c) Importer(815301076,1909f56bfc062723c751e8b465ee728b)
Start importing Assets/Prefabs/RespawnAnchors.prefab using Guid(ccbe48eafb02c7540b95ce30ce3fd58c) Importer(815301076,1909f56bfc062723c751e8b465ee728b)  -> (artifact id: '57e4bbcb55b168703181f63781a1facb') in 0.060258 seconds 
========================================================================
Received Import Request.
  Time since last request: 5.210396 seconds.
  path: Assets/Prefabs/RespawnAnchors.prefab
  artifactKey: Guid(ccbe48eafb02c7540b95ce30ce3fd58c) Importer(815301076,1909f56bfc062723c751e8b465ee728b)
Start importing Assets/Prefabs/RespawnAnchors.prefab using Guid(ccbe48eafb02c7540b95ce30ce3fd58c) Importer(815301076,1909f56bfc062723c751e8b465ee728b)  -> (artifact id: '4ffbd5be34b0de1832909dbf7a69cdfd') in 0.046715 seconds 
========================================================================
Received Import Request.
  Time since last request: 6.392805 seconds.
  path: Assets/Prefabs/Anchors.prefab
  artifactKey: Guid(ccbe48eafb02c7540b95ce30ce3fd58c) Importer(815301076,1909f56bfc062723c751e8b465ee728b)
Start importing Assets/Prefabs/Anchors.prefab using Guid(ccbe48eafb02c7540b95ce30ce3fd58c) Importer(815301076,1909f56bfc062723c751e8b465ee728b)  -> (artifact id: 'ee5dfbcdb231a17d895247fdcbcec5d2') in 0.046660 seconds 
========================================================================
Received Import Request.
  Time since last request: 4.613903 seconds.
  path: Assets/Prefabs/Anchors.prefab
  artifactKey: Guid(ccbe48eafb02c7540b95ce30ce3fd58c) Importer(815301076,1909f56bfc062723c751e8b465ee728b)
Start importing Assets/Prefabs/Anchors.prefab using Guid(ccbe48eafb02c7540b95ce30ce3fd58c) Importer(815301076,1909f56bfc062723c751e8b465ee728b)  -> (artifact id: '66bb7f6eff6fea94884562f325ddcab8') in 0.044241 seconds 
========================================================================
Received Import Request.
  Time since last request: 41.782300 seconds.
  path: Assets/Prefabs/Pickups/PickupExplainer.prefab
  artifactKey: Guid(45b6702327c22a142acd3dbe2aa7ad0d) Importer(815301076,1909f56bfc062723c751e8b465ee728b)
Start importing Assets/Prefabs/Pickups/PickupExplainer.prefab using Guid(45b6702327c22a142acd3dbe2aa7ad0d) Importer(815301076,1909f56bfc062723c751e8b465ee728b)  -> (artifact id: 'b3cf4f0366479fa53475e2c15f0c92ae') in 0.691782 seconds 
========================================================================
Received Import Request.
  Time since last request: 9.515245 seconds.
  path: Assets/Prefabs/DialLog/DiaSystemP1.prefab
  artifactKey: Guid(bee17e435986bbd499c52f5d7acbe3d3) Importer(815301076,1909f56bfc062723c751e8b465ee728b)
Start importing Assets/Prefabs/DialLog/DiaSystemP1.prefab using Guid(bee17e435986bbd499c52f5d7acbe3d3) Importer(815301076,1909f56bfc062723c751e8b465ee728b)  -> (artifact id: '5ac786b770c1047631808c3c3ea7b082') in 0.130560 seconds 
========================================================================
Received Import Request.
  Time since last request: 23.034172 seconds.
  path: Assets/Scenes/Lvl1.unity
  artifactKey: Guid(bd4128c5edbaad84fb62652805fb9409) Importer(815301076,1909f56bfc062723c751e8b465ee728b)
Start importing Assets/Scenes/Lvl1.unity using Guid(bd4128c5edbaad84fb62652805fb9409) Importer(815301076,1909f56bfc062723c751e8b465ee728b)  -> (artifact id: 'aedeb86dd276ad34c3b68cd873261177') in 0.043788 seconds 
========================================================================
Received Import Request.
  Time since last request: 6.811951 seconds.
  path: Assets/Prefabs/TestingButtons.prefab
  artifactKey: Guid(12c8eedd09b59974783be2ddba3b0d73) Importer(815301076,1909f56bfc062723c751e8b465ee728b)
Start importing Assets/Prefabs/TestingButtons.prefab using Guid(12c8eedd09b59974783be2ddba3b0d73) Importer(815301076,1909f56bfc062723c751e8b465ee728b)  -> (artifact id: '393cd468dfe738aff938030e01e5fc32') in 0.119068 seconds 
========================================================================
Received Import Request.
  Time since last request: 7.276999 seconds.
  path: Assets/Scenes/Lvl2.unity
  artifactKey: Guid(eb7d364821347654bba198eab14b89b5) Importer(815301076,1909f56bfc062723c751e8b465ee728b)
Start importing Assets/Scenes/Lvl2.unity using Guid(eb7d364821347654bba198eab14b89b5) Importer(815301076,1909f56bfc062723c751e8b465ee728b)  -> (artifact id: '39759a9613645c15684141f2c428ad31') in 0.049927 seconds 
AssetImportWorkerClient::OnTransportError - code=2 error=End of file
