Using pre-set license
Built from '2021.1/release' branch; Version is '2021.1.1f1 (6fdc41dfa55a) revision 7330881'; Using compiler version '192528614'; Build Type 'Release'
OS: 'Windows 10 Education; OS build 19041.867; Version 2004; 64bit' Language: 'en' Physical Memory: 16294 MB
BatchMode: 1, IsHumanControllingUs: 0, StartBugReporterOnCrash: 0, Is64bit: 1, IsPro: 0

 COMMAND LINE ARGUMENTS:
C:\Program Files\Unity\Hub\Editor\2021.1.1f1\Editor\Unity.exe
-adb2
-batchMode
-noUpm
-name
AssetImportWorker13
-projectPath
I:/Gaskins Griffin Y2/Repos/SpacePlatformer/New Unity Project
-logFile
Logs/AssetImportWorker13.log
-srvPort
63653
Successfully changed project path to: I:/Gaskins Griffin Y2/Repos/SpacePlatformer/New Unity Project
I:/Gaskins Griffin Y2/Repos/SpacePlatformer/New Unity Project
Using Asset Import Pipeline V2.
Refreshing native plugins compatible for Editor in 256.83 ms, found 2 plugins.
Preloading 0 native plugins for Editor in 0.00 ms.
Initialize engine version: 2021.1.1f1 (6fdc41dfa55a)
[Subsystems] Discovering subsystems at path C:/Program Files/Unity/Hub/Editor/2021.1.1f1/Editor/Data/Resources/UnitySubsystems
[Subsystems] Discovering subsystems at path I:/Gaskins Griffin Y2/Repos/SpacePlatformer/New Unity Project/Assets
GfxDevice: creating device client; threaded=0; jobified=0
Direct3D:
    Version:  Direct3D 11.0 [level 11.1]
    Renderer: NVIDIA GeForce GTX 1050 Ti (ID=0x1c82)
    Vendor:   NVIDIA
    VRAM:     4018 MB
    Driver:   27.21.14.6172
Initialize mono
Mono path[0] = 'C:/Program Files/Unity/Hub/Editor/2021.1.1f1/Editor/Data/Managed'
Mono path[1] = 'C:/Program Files/Unity/Hub/Editor/2021.1.1f1/Editor/Data/MonoBleedingEdge/lib/mono/unityjit'
Mono config path = 'C:/Program Files/Unity/Hub/Editor/2021.1.1f1/Editor/Data/MonoBleedingEdge/etc'
Using monoOptions --debugger-agent=transport=dt_socket,embedding=1,server=y,suspend=n,address=127.0.0.1:56824
Begin MonoManager ReloadAssembly
Registering precompiled unity dll's ...
Register platform support module: C:/Program Files/Unity/Hub/Editor/2021.1.1f1/Editor/Data/PlaybackEngines/WindowsStandaloneSupport/UnityEditor.WindowsStandalone.Extensions.dll
Registered in 0.001914 seconds.
Native extension for WindowsStandalone target not found
Refreshing native plugins compatible for Editor in 86.48 ms, found 2 plugins.
Preloading 0 native plugins for Editor in 0.00 ms.
Mono: successfully reloaded assembly
- Completed reload, in  1.196 seconds
Platform modules already initialized, skipping
Registering precompiled user dll's ...
Registered in 0.277448 seconds.
