Using pre-set license
Built from '2021.1/release' branch; Version is '2021.1.1f1 (6fdc41dfa55a) revision 7330881'; Using compiler version '192528614'; Build Type 'Release'
OS: 'Windows 10 Education; OS build 19041.867; Version 2004; 64bit' Language: 'en' Physical Memory: 16294 MB
BatchMode: 1, IsHumanControllingUs: 0, StartBugReporterOnCrash: 0, Is64bit: 1, IsPro: 0

 COMMAND LINE ARGUMENTS:
C:\Program Files\Unity\Hub\Editor\2021.1.1f1\Editor\Unity.exe
-adb2
-batchMode
-noUpm
-name
AssetImportWorker78
-projectPath
I:/Gaskins Griffin Y2/Repos/SpacePlatformer/New Unity Project
-logFile
Logs/AssetImportWorker78.log
-srvPort
64225
Successfully changed project path to: I:/Gaskins Griffin Y2/Repos/SpacePlatformer/New Unity Project
I:/Gaskins Griffin Y2/Repos/SpacePlatformer/New Unity Project
Using Asset Import Pipeline V2.
Refreshing native plugins compatible for Editor in 336.14 ms, found 2 plugins.
Preloading 0 native plugins for Editor in 0.00 ms.
Initialize engine version: 2021.1.1f1 (6fdc41dfa55a)
[Subsystems] Discovering subsystems at path C:/Program Files/Unity/Hub/Editor/2021.1.1f1/Editor/Data/Resources/UnitySubsystems
[Subsystems] Discovering subsystems at path I:/Gaskins Griffin Y2/Repos/SpacePlatformer/New Unity Project/Assets
GfxDevice: creating device client; threaded=0; jobified=0
Direct3D:
    Version:  Direct3D 11.0 [level 11.1]
    Renderer: NVIDIA GeForce GTX 1050 Ti (ID=0x1c82)
    Vendor:   NVIDIA
    VRAM:     4018 MB
    Driver:   27.21.14.6172
Initialize mono
Mono path[0] = 'C:/Program Files/Unity/Hub/Editor/2021.1.1f1/Editor/Data/Managed'
Mono path[1] = 'C:/Program Files/Unity/Hub/Editor/2021.1.1f1/Editor/Data/MonoBleedingEdge/lib/mono/unityjit'
Mono config path = 'C:/Program Files/Unity/Hub/Editor/2021.1.1f1/Editor/Data/MonoBleedingEdge/etc'
Using monoOptions --debugger-agent=transport=dt_socket,embedding=1,server=y,suspend=n,address=127.0.0.1:56124
Begin MonoManager ReloadAssembly
Registering precompiled unity dll's ...
Register platform support module: C:/Program Files/Unity/Hub/Editor/2021.1.1f1/Editor/Data/PlaybackEngines/WindowsStandaloneSupport/UnityEditor.WindowsStandalone.Extensions.dll
Registered in 0.002387 seconds.
Native extension for WindowsStandalone target not found
Refreshing native plugins compatible for Editor in 109.97 ms, found 2 plugins.
Preloading 0 native plugins for Editor in 0.00 ms.
Mono: successfully reloaded assembly
- Completed reload, in  1.510 seconds
Platform modules already initialized, skipping
Registering precompiled user dll's ...
Registered in 0.025386 seconds.
Begin MonoManager ReloadAssembly
Native extension for WindowsStandalone target not found
Refreshing native plugins compatible for Editor in 92.61 ms, found 2 plugins.
Preloading 0 native plugins for Editor in 0.00 ms.
Mono: successfully reloaded assembly
- Completed reload, in  1.552 seconds
Platform modules already initialized, skipping
========================================================================
Worker process is ready to serve import requests
Launched and connected shader compiler UnityShaderCompiler.exe after 0.04 seconds
Refreshing native plugins compatible for Editor in 0.68 ms, found 2 plugins.
Preloading 0 native plugins for Editor in 0.00 ms.
Unloading 3653 Unused Serialized files (Serialized files now loaded: 0)
System memory in use before: 141.9 MB.
System memory in use after: 141.9 MB.

Unloading 30 unused Assets to reduce memory usage. Loaded Objects now: 4106.
Total: 2.572500 ms (FindLiveObjects: 0.303200 ms CreateObjectMapping: 0.226100 ms MarkObjects: 1.935700 ms  DeleteObjects: 0.106800 ms)

========================================================================
Received Import Request.
  path: Assets/Scenes/Lvl1_Profiles/Post-process Volume Profile.asset
  artifactKey: Guid(dba4e4d7047592b4b83b30f48acf2b1e) Importer(815301076,1909f56bfc062723c751e8b465ee728b)
Start importing Assets/Scenes/Lvl1_Profiles/Post-process Volume Profile.asset using Guid(dba4e4d7047592b4b83b30f48acf2b1e) Importer(815301076,1909f56bfc062723c751e8b465ee728b)  -> (artifact id: 'a8e5c33bef4c927eac8baaf5648fd749') in 0.096746 seconds 
========================================================================
Received Prepare
Refreshing native plugins compatible for Editor in 51.05 ms, found 2 plugins.
Preloading 0 native plugins for Editor in 0.00 ms.
Unloading 16 Unused Serialized files (Serialized files now loaded: 0)
System memory in use before: 67.3 MB.
System memory in use after: 67.4 MB.

Unloading 16 unused Assets to reduce memory usage. Loaded Objects now: 4106.
Total: 3.056100 ms (FindLiveObjects: 0.313100 ms CreateObjectMapping: 0.230700 ms MarkObjects: 2.416000 ms  DeleteObjects: 0.095100 ms)

========================================================================
Received Import Request.
  Time since last request: 14.576455 seconds.
  path: Assets/Particle.mat
  artifactKey: Guid(967da2b3727e0a7459451d188af92074) Importer(815301076,1909f56bfc062723c751e8b465ee728b)
Start importing Assets/Particle.mat using Guid(967da2b3727e0a7459451d188af92074) Importer(815301076,1909f56bfc062723c751e8b465ee728b)  -> (artifact id: '256d4e5699728df0ead32d1fe1f87d9d') in 0.341670 seconds 
========================================================================
Received Prepare
Registering precompiled user dll's ...
Registered in 0.008169 seconds.
Begin MonoManager ReloadAssembly
Native extension for WindowsStandalone target not found
Refreshing native plugins compatible for Editor in 0.78 ms, found 2 plugins.
Preloading 0 native plugins for Editor in 0.00 ms.
Mono: successfully reloaded assembly
- Completed reload, in  1.567 seconds
Platform modules already initialized, skipping
Refreshing native plugins compatible for Editor in 0.77 ms, found 2 plugins.
Preloading 0 native plugins for Editor in 0.00 ms.
Unloading 3619 Unused Serialized files (Serialized files now loaded: 0)
System memory in use before: 143.4 MB.
System memory in use after: 143.5 MB.

Unloading 18 unused Assets to reduce memory usage. Loaded Objects now: 4150.
Total: 2.335600 ms (FindLiveObjects: 0.249200 ms CreateObjectMapping: 0.145500 ms MarkObjects: 1.853200 ms  DeleteObjects: 0.086800 ms)

========================================================================
Received Prepare
Registering precompiled user dll's ...
Registered in 0.013834 seconds.
Begin MonoManager ReloadAssembly
Native extension for WindowsStandalone target not found
Refreshing native plugins compatible for Editor in 0.84 ms, found 2 plugins.
Preloading 0 native plugins for Editor in 0.00 ms.
Mono: successfully reloaded assembly
- Completed reload, in  1.555 seconds
Platform modules already initialized, skipping
Refreshing native plugins compatible for Editor in 0.71 ms, found 2 plugins.
Preloading 0 native plugins for Editor in 0.00 ms.
Unloading 3620 Unused Serialized files (Serialized files now loaded: 0)
System memory in use before: 143.4 MB.
System memory in use after: 143.5 MB.

Unloading 18 unused Assets to reduce memory usage. Loaded Objects now: 4155.
Total: 2.963700 ms (FindLiveObjects: 0.323300 ms CreateObjectMapping: 0.209400 ms MarkObjects: 2.333800 ms  DeleteObjects: 0.096000 ms)

========================================================================
Received Prepare
Registering precompiled user dll's ...
Registered in 0.013653 seconds.
Begin MonoManager ReloadAssembly
Native extension for WindowsStandalone target not found
Refreshing native plugins compatible for Editor in 0.63 ms, found 2 plugins.
Preloading 0 native plugins for Editor in 0.00 ms.
Mono: successfully reloaded assembly
- Completed reload, in  1.984 seconds
Platform modules already initialized, skipping
Refreshing native plugins compatible for Editor in 0.64 ms, found 2 plugins.
Preloading 0 native plugins for Editor in 0.00 ms.
Unloading 3620 Unused Serialized files (Serialized files now loaded: 0)
System memory in use before: 143.6 MB.
System memory in use after: 143.7 MB.

Unloading 18 unused Assets to reduce memory usage. Loaded Objects now: 4159.
Total: 2.617400 ms (FindLiveObjects: 0.270300 ms CreateObjectMapping: 0.160600 ms MarkObjects: 2.089000 ms  DeleteObjects: 0.096500 ms)

========================================================================
Received Import Request.
  Time since last request: 536.795719 seconds.
  path: Assets/Scripts/GOKU.cs
  artifactKey: Guid(4c2eec6bf5edeaf47b95c63e3f220169) Importer(815301076,1909f56bfc062723c751e8b465ee728b)
Start importing Assets/Scripts/GOKU.cs using Guid(4c2eec6bf5edeaf47b95c63e3f220169) Importer(815301076,1909f56bfc062723c751e8b465ee728b)  -> (artifact id: '07ff0c2d72b352ec41ead9e4d770d41c') in 0.058622 seconds 
========================================================================
Received Prepare
Registering precompiled user dll's ...
Registered in 0.014255 seconds.
Begin MonoManager ReloadAssembly
Native extension for WindowsStandalone target not found
Refreshing native plugins compatible for Editor in 0.68 ms, found 2 plugins.
Preloading 0 native plugins for Editor in 0.00 ms.
Mono: successfully reloaded assembly
- Completed reload, in  1.438 seconds
Platform modules already initialized, skipping
Refreshing native plugins compatible for Editor in 0.64 ms, found 2 plugins.
Preloading 0 native plugins for Editor in 0.00 ms.
Unloading 3621 Unused Serialized files (Serialized files now loaded: 0)
System memory in use before: 143.6 MB.
System memory in use after: 143.7 MB.

Unloading 18 unused Assets to reduce memory usage. Loaded Objects now: 4164.
Total: 2.407200 ms (FindLiveObjects: 0.242500 ms CreateObjectMapping: 0.141500 ms MarkObjects: 1.937100 ms  DeleteObjects: 0.085400 ms)

========================================================================
Received Prepare
Registering precompiled user dll's ...
Registered in 0.016027 seconds.
Begin MonoManager ReloadAssembly
Native extension for WindowsStandalone target not found
Refreshing native plugins compatible for Editor in 0.64 ms, found 2 plugins.
Preloading 0 native plugins for Editor in 0.00 ms.
Mono: successfully reloaded assembly
- Completed reload, in  1.456 seconds
Platform modules already initialized, skipping
Refreshing native plugins compatible for Editor in 0.64 ms, found 2 plugins.
Preloading 0 native plugins for Editor in 0.00 ms.
Unloading 3621 Unused Serialized files (Serialized files now loaded: 0)
System memory in use before: 143.5 MB.
System memory in use after: 143.6 MB.

Unloading 18 unused Assets to reduce memory usage. Loaded Objects now: 4168.
Total: 2.461900 ms (FindLiveObjects: 0.266100 ms CreateObjectMapping: 0.153200 ms MarkObjects: 1.947700 ms  DeleteObjects: 0.093800 ms)

========================================================================
Received Import Request.
  Time since last request: 187.091460 seconds.
  path: Assets/Scripts/GOKU.cs
  artifactKey: Guid(4c2eec6bf5edeaf47b95c63e3f220169) Importer(815301076,1909f56bfc062723c751e8b465ee728b)
Start importing Assets/Scripts/GOKU.cs using Guid(4c2eec6bf5edeaf47b95c63e3f220169) Importer(815301076,1909f56bfc062723c751e8b465ee728b)  -> (artifact id: '813c5f4bdf992fd47f8fbc7fb3b0b6a5') in 0.059413 seconds 
========================================================================
Received Prepare
Registering precompiled user dll's ...
Registered in 0.014742 seconds.
Begin MonoManager ReloadAssembly
Native extension for WindowsStandalone target not found
Refreshing native plugins compatible for Editor in 0.91 ms, found 2 plugins.
Preloading 0 native plugins for Editor in 0.00 ms.
Mono: successfully reloaded assembly
- Completed reload, in  1.452 seconds
Platform modules already initialized, skipping
Refreshing native plugins compatible for Editor in 0.64 ms, found 2 plugins.
Preloading 0 native plugins for Editor in 0.00 ms.
Unloading 3621 Unused Serialized files (Serialized files now loaded: 0)
System memory in use before: 143.6 MB.
System memory in use after: 143.7 MB.

Unloading 18 unused Assets to reduce memory usage. Loaded Objects now: 4172.
Total: 2.379600 ms (FindLiveObjects: 0.271600 ms CreateObjectMapping: 0.172300 ms MarkObjects: 1.845700 ms  DeleteObjects: 0.089200 ms)

========================================================================
Received Import Request.
  Time since last request: 162.943152 seconds.
  path: Assets/Prefabs/Player.prefab
  artifactKey: Guid(c25508e3510b679499aca8e6ba08d081) Importer(815301076,1909f56bfc062723c751e8b465ee728b)
Start importing Assets/Prefabs/Player.prefab using Guid(c25508e3510b679499aca8e6ba08d081) Importer(815301076,1909f56bfc062723c751e8b465ee728b)  -> (artifact id: 'd1c6847c9d1fe34b739a566c71770019') in 0.237552 seconds 
========================================================================
Received Import Request.
  Time since last request: 0.000260 seconds.
  path: Assets/Prefabs/AfterImage.prefab
  artifactKey: Guid(5410bd0669bd392458fc875b63397b6e) Importer(815301076,1909f56bfc062723c751e8b465ee728b)
Start importing Assets/Prefabs/AfterImage.prefab using Guid(5410bd0669bd392458fc875b63397b6e) Importer(815301076,1909f56bfc062723c751e8b465ee728b)  -> (artifact id: '2c37f8ce5f6be42cc8156c31c7bacac2') in 0.049673 seconds 
========================================================================
Received Import Request.
  Time since last request: 0.000231 seconds.
  path: Assets/Prefabs/AfterImagePool.prefab
  artifactKey: Guid(5c7bb19adf0e1624781b5ee30706e408) Importer(815301076,1909f56bfc062723c751e8b465ee728b)
Start importing Assets/Prefabs/AfterImagePool.prefab using Guid(5c7bb19adf0e1624781b5ee30706e408) Importer(815301076,1909f56bfc062723c751e8b465ee728b)  -> (artifact id: '57775e400db0e6644014bd9715c12d3e') in 0.053114 seconds 
========================================================================
Received Import Request.
  Time since last request: 0.000426 seconds.
  path: Assets/Prefabs/SlideGrit.prefab
  artifactKey: Guid(114207acd34d54741bf2a0bc6eca5f5e) Importer(815301076,1909f56bfc062723c751e8b465ee728b)
Start importing Assets/Prefabs/SlideGrit.prefab using Guid(114207acd34d54741bf2a0bc6eca5f5e) Importer(815301076,1909f56bfc062723c751e8b465ee728b)  -> (artifact id: 'e5988d2232d10c3f3f7e5c6f21a48acd') in 0.051814 seconds 
========================================================================
Received Import Request.
  Time since last request: 0.000251 seconds.
  path: Assets/Prefabs/PrefsTracker.prefab
  artifactKey: Guid(c3f7d4cff35c1cc46865abc51382fb64) Importer(815301076,1909f56bfc062723c751e8b465ee728b)
Start importing Assets/Prefabs/PrefsTracker.prefab using Guid(c3f7d4cff35c1cc46865abc51382fb64) Importer(815301076,1909f56bfc062723c751e8b465ee728b)  -> (artifact id: '470fd0c82437a27b1b1f43d7d89d8871') in 0.054321 seconds 
========================================================================
Received Import Request.
  Time since last request: 0.000356 seconds.
  path: Assets/Prefabs/Room.prefab
  artifactKey: Guid(b290d7cfa8649444f9f802fd8120227d) Importer(815301076,1909f56bfc062723c751e8b465ee728b)
Start importing Assets/Prefabs/Room.prefab using Guid(b290d7cfa8649444f9f802fd8120227d) Importer(815301076,1909f56bfc062723c751e8b465ee728b)  -> (artifact id: '81500af978deafb83bfc95c88f618313') in 0.059126 seconds 
========================================================================
Received Import Request.
  Time since last request: 0.000398 seconds.
  path: Assets/Prefabs/GodMode.prefab
  artifactKey: Guid(f819dbcebd7e04d46a128c9f4c06ae35) Importer(815301076,1909f56bfc062723c751e8b465ee728b)
Start importing Assets/Prefabs/GodMode.prefab using Guid(f819dbcebd7e04d46a128c9f4c06ae35) Importer(815301076,1909f56bfc062723c751e8b465ee728b)  -> (artifact id: '80443ec179a47daab5384244e7884d33') in 0.067588 seconds 
========================================================================
Received Prepare
Registering precompiled user dll's ...
Registered in 0.014099 seconds.
Begin MonoManager ReloadAssembly
Native extension for WindowsStandalone target not found
Refreshing native plugins compatible for Editor in 0.65 ms, found 2 plugins.
Preloading 0 native plugins for Editor in 0.00 ms.
Mono: successfully reloaded assembly
- Completed reload, in  1.558 seconds
Platform modules already initialized, skipping
Refreshing native plugins compatible for Editor in 0.63 ms, found 2 plugins.
Preloading 0 native plugins for Editor in 0.00 ms.
Unloading 3621 Unused Serialized files (Serialized files now loaded: 0)
System memory in use before: 143.7 MB.
System memory in use after: 143.8 MB.

Unloading 18 unused Assets to reduce memory usage. Loaded Objects now: 4177.
Total: 2.393900 ms (FindLiveObjects: 0.254500 ms CreateObjectMapping: 0.150300 ms MarkObjects: 1.903900 ms  DeleteObjects: 0.084500 ms)

========================================================================
Received Import Request.
  Time since last request: 568.281176 seconds.
  path: Assets/Scenes/SampleScene.unity
  artifactKey: Guid(2cda990e2423bbf4892e6590ba056729) Importer(815301076,1909f56bfc062723c751e8b465ee728b)
Start importing Assets/Scenes/SampleScene.unity using Guid(2cda990e2423bbf4892e6590ba056729) Importer(815301076,1909f56bfc062723c751e8b465ee728b)  -> (artifact id: '047a4519dabc75e108c864bd7d689fe7') in 0.094305 seconds 
========================================================================
Received Prepare
Registering precompiled user dll's ...
Registered in 0.043994 seconds.
Begin MonoManager ReloadAssembly
Native extension for WindowsStandalone target not found
Refreshing native plugins compatible for Editor in 0.64 ms, found 2 plugins.
Preloading 0 native plugins for Editor in 0.00 ms.
Mono: successfully reloaded assembly
- Completed reload, in  1.418 seconds
Platform modules already initialized, skipping
Refreshing native plugins compatible for Editor in 0.64 ms, found 2 plugins.
Preloading 0 native plugins for Editor in 0.00 ms.
Unloading 3621 Unused Serialized files (Serialized files now loaded: 0)
System memory in use before: 143.6 MB.
System memory in use after: 143.7 MB.

Unloading 18 unused Assets to reduce memory usage. Loaded Objects now: 4181.
Total: 2.516100 ms (FindLiveObjects: 0.274000 ms CreateObjectMapping: 0.165800 ms MarkObjects: 1.991800 ms  DeleteObjects: 0.083900 ms)

========================================================================
Received Prepare
Registering precompiled user dll's ...
Registered in 0.012804 seconds.
Begin MonoManager ReloadAssembly
Native extension for WindowsStandalone target not found
Refreshing native plugins compatible for Editor in 0.71 ms, found 2 plugins.
Preloading 0 native plugins for Editor in 0.00 ms.
Mono: successfully reloaded assembly
- Completed reload, in  1.437 seconds
Platform modules already initialized, skipping
Refreshing native plugins compatible for Editor in 0.63 ms, found 2 plugins.
Preloading 0 native plugins for Editor in 0.00 ms.
Unloading 3621 Unused Serialized files (Serialized files now loaded: 0)
System memory in use before: 143.7 MB.
System memory in use after: 143.8 MB.

Unloading 18 unused Assets to reduce memory usage. Loaded Objects now: 4185.
Total: 2.721200 ms (FindLiveObjects: 0.284700 ms CreateObjectMapping: 0.189600 ms MarkObjects: 2.156500 ms  DeleteObjects: 0.089600 ms)

========================================================================
Received Import Request.
  Time since last request: 199.919984 seconds.
  path: Assets/Prefabs/PrefsTracker.prefab
  artifactKey: Guid(c3f7d4cff35c1cc46865abc51382fb64) Importer(815301076,1909f56bfc062723c751e8b465ee728b)
Start importing Assets/Prefabs/PrefsTracker.prefab using Guid(c3f7d4cff35c1cc46865abc51382fb64) Importer(815301076,1909f56bfc062723c751e8b465ee728b)  -> (artifact id: '21a848f6d8d9102063fadc18cb80eb44') in 0.075301 seconds 
========================================================================
Received Prepare
Registering precompiled user dll's ...
Registered in 0.013416 seconds.
Begin MonoManager ReloadAssembly
Native extension for WindowsStandalone target not found
Refreshing native plugins compatible for Editor in 0.64 ms, found 2 plugins.
Preloading 0 native plugins for Editor in 0.00 ms.
Mono: successfully reloaded assembly
- Completed reload, in  1.405 seconds
Platform modules already initialized, skipping
Refreshing native plugins compatible for Editor in 0.64 ms, found 2 plugins.
Preloading 0 native plugins for Editor in 0.00 ms.
Unloading 3621 Unused Serialized files (Serialized files now loaded: 0)
System memory in use before: 143.7 MB.
System memory in use after: 143.9 MB.

Unloading 18 unused Assets to reduce memory usage. Loaded Objects now: 4189.
Total: 2.711300 ms (FindLiveObjects: 0.319700 ms CreateObjectMapping: 0.178100 ms MarkObjects: 2.117300 ms  DeleteObjects: 0.095300 ms)

========================================================================
Received Prepare
Registering precompiled user dll's ...
Registered in 0.014579 seconds.
Begin MonoManager ReloadAssembly
Native extension for WindowsStandalone target not found
Refreshing native plugins compatible for Editor in 0.66 ms, found 2 plugins.
Preloading 0 native plugins for Editor in 0.00 ms.
Mono: successfully reloaded assembly
- Completed reload, in  1.424 seconds
Platform modules already initialized, skipping
Refreshing native plugins compatible for Editor in 0.62 ms, found 2 plugins.
Preloading 0 native plugins for Editor in 0.00 ms.
Unloading 3621 Unused Serialized files (Serialized files now loaded: 0)
System memory in use before: 143.7 MB.
System memory in use after: 143.8 MB.

Unloading 18 unused Assets to reduce memory usage. Loaded Objects now: 4193.
Total: 2.690400 ms (FindLiveObjects: 0.287200 ms CreateObjectMapping: 0.199800 ms MarkObjects: 2.112200 ms  DeleteObjects: 0.090500 ms)

========================================================================
Received Prepare
Registering precompiled user dll's ...
Registered in 0.051713 seconds.
Begin MonoManager ReloadAssembly
Native extension for WindowsStandalone target not found
Refreshing native plugins compatible for Editor in 0.81 ms, found 2 plugins.
Preloading 0 native plugins for Editor in 0.00 ms.
Mono: successfully reloaded assembly
- Completed reload, in  1.552 seconds
Platform modules already initialized, skipping
Refreshing native plugins compatible for Editor in 0.85 ms, found 2 plugins.
Preloading 0 native plugins for Editor in 0.00 ms.
Unloading 3621 Unused Serialized files (Serialized files now loaded: 0)
System memory in use before: 143.7 MB.
System memory in use after: 143.8 MB.

Unloading 18 unused Assets to reduce memory usage. Loaded Objects now: 4197.
Total: 2.871200 ms (FindLiveObjects: 0.338600 ms CreateObjectMapping: 0.227600 ms MarkObjects: 2.209200 ms  DeleteObjects: 0.095000 ms)

========================================================================
Received Prepare
Registering precompiled user dll's ...
Registered in 0.036763 seconds.
Begin MonoManager ReloadAssembly
Native extension for WindowsStandalone target not found
Refreshing native plugins compatible for Editor in 0.63 ms, found 2 plugins.
Preloading 0 native plugins for Editor in 0.00 ms.
Mono: successfully reloaded assembly
- Completed reload, in  1.361 seconds
Platform modules already initialized, skipping
Refreshing native plugins compatible for Editor in 0.63 ms, found 2 plugins.
Preloading 0 native plugins for Editor in 0.00 ms.
Unloading 3621 Unused Serialized files (Serialized files now loaded: 0)
System memory in use before: 143.7 MB.
System memory in use after: 143.8 MB.

Unloading 18 unused Assets to reduce memory usage. Loaded Objects now: 4201.
Total: 2.643300 ms (FindLiveObjects: 0.280200 ms CreateObjectMapping: 0.174800 ms MarkObjects: 2.102600 ms  DeleteObjects: 0.085200 ms)

========================================================================
Received Prepare
Registering precompiled user dll's ...
Registered in 0.013456 seconds.
Begin MonoManager ReloadAssembly
Native extension for WindowsStandalone target not found
Refreshing native plugins compatible for Editor in 0.79 ms, found 2 plugins.
Preloading 0 native plugins for Editor in 0.00 ms.
Mono: successfully reloaded assembly
- Completed reload, in  1.410 seconds
Platform modules already initialized, skipping
Refreshing native plugins compatible for Editor in 0.67 ms, found 2 plugins.
Preloading 0 native plugins for Editor in 0.00 ms.
Unloading 3621 Unused Serialized files (Serialized files now loaded: 0)
System memory in use before: 143.8 MB.
System memory in use after: 143.9 MB.

Unloading 18 unused Assets to reduce memory usage. Loaded Objects now: 4205.
Total: 2.558100 ms (FindLiveObjects: 0.298300 ms CreateObjectMapping: 0.187700 ms MarkObjects: 1.980900 ms  DeleteObjects: 0.090700 ms)

========================================================================
Received Prepare
Registering precompiled user dll's ...
Registered in 0.014349 seconds.
Begin MonoManager ReloadAssembly
Native extension for WindowsStandalone target not found
Refreshing native plugins compatible for Editor in 0.66 ms, found 2 plugins.
Preloading 0 native plugins for Editor in 0.00 ms.
Mono: successfully reloaded assembly
- Completed reload, in  1.492 seconds
Platform modules already initialized, skipping
Refreshing native plugins compatible for Editor in 0.64 ms, found 2 plugins.
Preloading 0 native plugins for Editor in 0.00 ms.
Unloading 3621 Unused Serialized files (Serialized files now loaded: 0)
System memory in use before: 143.8 MB.
System memory in use after: 143.9 MB.

Unloading 18 unused Assets to reduce memory usage. Loaded Objects now: 4209.
Total: 2.446300 ms (FindLiveObjects: 0.281100 ms CreateObjectMapping: 0.165600 ms MarkObjects: 1.914600 ms  DeleteObjects: 0.084200 ms)

========================================================================
Received Prepare
Registering precompiled user dll's ...
Registered in 0.023189 seconds.
Begin MonoManager ReloadAssembly
Native extension for WindowsStandalone target not found
Refreshing native plugins compatible for Editor in 0.69 ms, found 2 plugins.
Preloading 0 native plugins for Editor in 0.00 ms.
Mono: successfully reloaded assembly
- Completed reload, in  1.630 seconds
Platform modules already initialized, skipping
Refreshing native plugins compatible for Editor in 0.74 ms, found 2 plugins.
Preloading 0 native plugins for Editor in 0.00 ms.
Unloading 3621 Unused Serialized files (Serialized files now loaded: 0)
System memory in use before: 143.7 MB.
System memory in use after: 143.8 MB.

Unloading 18 unused Assets to reduce memory usage. Loaded Objects now: 4213.
Total: 3.122100 ms (FindLiveObjects: 0.341100 ms CreateObjectMapping: 0.361300 ms MarkObjects: 2.299000 ms  DeleteObjects: 0.108200 ms)

========================================================================
Received Prepare
Registering precompiled user dll's ...
Registered in 0.052030 seconds.
Begin MonoManager ReloadAssembly
Native extension for WindowsStandalone target not found
Refreshing native plugins compatible for Editor in 0.69 ms, found 2 plugins.
Preloading 0 native plugins for Editor in 0.00 ms.
Mono: successfully reloaded assembly
- Completed reload, in  1.642 seconds
Platform modules already initialized, skipping
Refreshing native plugins compatible for Editor in 0.68 ms, found 2 plugins.
Preloading 0 native plugins for Editor in 0.00 ms.
Unloading 3621 Unused Serialized files (Serialized files now loaded: 0)
System memory in use before: 143.7 MB.
System memory in use after: 143.8 MB.

Unloading 18 unused Assets to reduce memory usage. Loaded Objects now: 4217.
Total: 2.376500 ms (FindLiveObjects: 0.265000 ms CreateObjectMapping: 0.159500 ms MarkObjects: 1.867000 ms  DeleteObjects: 0.084300 ms)

========================================================================
Received Prepare
Registering precompiled user dll's ...
Registered in 0.007730 seconds.
Begin MonoManager ReloadAssembly
Native extension for WindowsStandalone target not found
Refreshing native plugins compatible for Editor in 0.65 ms, found 2 plugins.
Preloading 0 native plugins for Editor in 0.00 ms.
Mono: successfully reloaded assembly
- Completed reload, in  1.437 seconds
Platform modules already initialized, skipping
Refreshing native plugins compatible for Editor in 0.65 ms, found 2 plugins.
Preloading 0 native plugins for Editor in 0.00 ms.
Unloading 3621 Unused Serialized files (Serialized files now loaded: 0)
System memory in use before: 143.7 MB.
System memory in use after: 143.8 MB.

Unloading 18 unused Assets to reduce memory usage. Loaded Objects now: 4221.
Total: 3.108700 ms (FindLiveObjects: 0.391100 ms CreateObjectMapping: 0.270600 ms MarkObjects: 2.350600 ms  DeleteObjects: 0.094700 ms)

========================================================================
Received Import Request.
  Time since last request: 1457.722174 seconds.
  path: Assets/Art/Interactibles
  artifactKey: Guid(4c9f7a87b8474ba418385c470bed76db) Importer(815301076,1909f56bfc062723c751e8b465ee728b)
Start importing Assets/Art/Interactibles using Guid(4c9f7a87b8474ba418385c470bed76db) Importer(815301076,1909f56bfc062723c751e8b465ee728b)  -> (artifact id: '1e5f9e9dad958ca37bdead3ffab64cbb') in 0.063040 seconds 
========================================================================
Received Import Request.
  Time since last request: 14.921327 seconds.
  path: Assets/Art/Interactibles/collectables.png
  artifactKey: Guid(e19e8d6430243bf4a914ea583615fed6) Importer(815301076,1909f56bfc062723c751e8b465ee728b)
Start importing Assets/Art/Interactibles/collectables.png using Guid(e19e8d6430243bf4a914ea583615fed6) Importer(815301076,1909f56bfc062723c751e8b465ee728b)  -> (artifact id: '374629179bf9ec36392352e81a3ac679') in 0.132195 seconds 
========================================================================
Received Import Request.
  Time since last request: 8.810595 seconds.
  path: Assets/Art/Interactibles/collectables.png
  artifactKey: Guid(e19e8d6430243bf4a914ea583615fed6) Importer(815301076,1909f56bfc062723c751e8b465ee728b)
Start importing Assets/Art/Interactibles/collectables.png using Guid(e19e8d6430243bf4a914ea583615fed6) Importer(815301076,1909f56bfc062723c751e8b465ee728b)  -> (artifact id: '01b88a260af9be3e00335891e9fb4306') in 0.067574 seconds 
========================================================================
Received Import Request.
  Time since last request: 30.076799 seconds.
  path: Assets/Art/Interactibles/collectables.png
  artifactKey: Guid(e19e8d6430243bf4a914ea583615fed6) Importer(815301076,1909f56bfc062723c751e8b465ee728b)
Start importing Assets/Art/Interactibles/collectables.png using Guid(e19e8d6430243bf4a914ea583615fed6) Importer(815301076,1909f56bfc062723c751e8b465ee728b)  -> (artifact id: 'e7b830a116860f60ddd5d118dbd36d42') in 0.099931 seconds 
AssetImportWorkerClient::OnTransportError - code=2 error=End of file
